INFO  2014-07-16 07:46:23,489 [main] com.hazelcast.stabilizer.worker.Worker: Starting Stabilizer Worker
INFO  2014-07-16 07:46:23,491 [main] com.hazelcast.stabilizer.worker.Worker: jvm input arguments = [-XX:OnOutOfMemoryError=""touch worker.oome"", -DSTABILIZER_HOME=/home/users/stabilizer/hazelcast-stabilizer-0.3-SNAPSHOT, -Dhazelcast.logging.type=log4j, -DworkerId=worker-10.65.4.133-2-client, -DworkerMode=client, -Dlog4j.configuration=file:/home/users/stabilizer/hazelcast-stabilizer-0.3-SNAPSHOT/conf/worker-log4j.xml, -ea, -Xms2G, -Xmx2G, -XX:+PrintGC, -XX:+HeapDumpOnOutOfMemoryError]
INFO  2014-07-16 07:46:23,508 [main] com.hazelcast.stabilizer.worker.Worker: java.class.path=/home/users/stabilizer/hazelcast-stabilizer-0.3-SNAPSHOT/lib/hazelcast-3.2.3.jar:/home/users/stabilizer/hazelcast-stabilizer-0.3-SNAPSHOT/lib/jopt-simple-4.4.jar:/home/users/stabilizer/hazelcast-stabilizer-0.3-SNAPSHOT/lib/commons-lang3-3.3.2.jar:/home/users/stabilizer/hazelcast-stabilizer-0.3-SNAPSHOT/lib/hazelcast-client-3.2.3.jar:/home/users/stabilizer/hazelcast-stabilizer-0.3-SNAPSHOT/lib/log4j-1.2.17.jar:/home/users/stabilizer/hazelcast-stabilizer-0.3-SNAPSHOT/lib/stabilizer-0.3-SNAPSHOT.jar:/home/users/stabilizer/hazelcast-stabilizer-0.3-SNAPSHOT/lib/junit-4.11.jar:/home/users/stabilizer/hazelcast-stabilizer-0.3-SNAPSHOT/workers/1405496752938/lib/yourproject-1.0-SNAPSHOT.jar
INFO  2014-07-16 07:46:23,508 [main] com.hazelcast.stabilizer.worker.Worker: java.home=/home/users/stabilizer/jdk1.7.0_55/jre
INFO  2014-07-16 07:46:23,508 [main] com.hazelcast.stabilizer.worker.Worker: java.vendor=Oracle Corporation
INFO  2014-07-16 07:46:23,508 [main] com.hazelcast.stabilizer.worker.Worker: java.vendor.url=http://java.oracle.com/
INFO  2014-07-16 07:46:23,508 [main] com.hazelcast.stabilizer.worker.Worker: sun.java.command=com.hazelcast.stabilizer.worker.Worker /tmp/hazelcast3186980789848868562xml /tmp/client-hazelcast6093981011517446252xml
INFO  2014-07-16 07:46:23,508 [main] com.hazelcast.stabilizer.worker.Worker: java.version=1.7.0_55
INFO  2014-07-16 07:46:23,509 [main] com.hazelcast.stabilizer.worker.Worker: os.arch=amd64
INFO  2014-07-16 07:46:23,509 [main] com.hazelcast.stabilizer.worker.Worker: os.name=Linux
INFO  2014-07-16 07:46:23,509 [main] com.hazelcast.stabilizer.worker.Worker: os.version=3.10.35-43.137.amzn1.x86_64
INFO  2014-07-16 07:46:23,509 [main] com.hazelcast.stabilizer.worker.Worker: user.dir=/home/users/stabilizer/hazelcast-stabilizer-0.3-SNAPSHOT/workers/1405496752938/worker-10.65.4.133-2-client
INFO  2014-07-16 07:46:23,509 [main] com.hazelcast.stabilizer.worker.Worker: user.home=/home/users/stabilizer
INFO  2014-07-16 07:46:23,509 [main] com.hazelcast.stabilizer.worker.Worker: user.name=stabilizer
INFO  2014-07-16 07:46:23,509 [main] com.hazelcast.stabilizer.worker.Worker: STABILIZER_HOME=/home/users/stabilizer/hazelcast-stabilizer-0.3-SNAPSHOT
INFO  2014-07-16 07:46:23,509 [main] com.hazelcast.stabilizer.worker.Worker: hazelcast.logging.type=log4j
INFO  2014-07-16 07:46:23,509 [main] com.hazelcast.stabilizer.worker.Worker: log4j.configuration=file:/home/users/stabilizer/hazelcast-stabilizer-0.3-SNAPSHOT/conf/worker-log4j.xml
INFO  2014-07-16 07:46:23,510 [main] com.hazelcast.stabilizer.worker.Worker: Worker id:worker-10.65.4.133-2-client
INFO  2014-07-16 07:46:23,510 [main] com.hazelcast.stabilizer.worker.Worker: Worker hz config file:/tmp/hazelcast3186980789848868562xml
INFO  2014-07-16 07:46:23,512 [main] com.hazelcast.stabilizer.worker.Worker: <hazelcast xsi:schemaLocation="http://www.hazelcast.com/schema/config
                               http://www.hazelcast.com/schema/config/hazelcast-config-3.2.xsd"
           xmlns="http://www.hazelcast.com/schema/config"
           xmlns:xsi="http://www.w3.org/2001/XMLSchema-instance">
    <group>
        <name>workers</name>
    </group>

    <network>
        <port port-count="200" auto-increment="true">5701</port>
        <join>
            <multicast enabled="false"/>
            <tcp-ip enabled="true">
                <member>10.123.138.181:5701</member>
<member>10.65.4.133:5701</member>

            </tcp-ip>
        </join>
    </network>

</hazelcast>
INFO  2014-07-16 07:46:23,512 [main] com.hazelcast.stabilizer.worker.Worker: Client hz config file:/tmp/client-hazelcast6093981011517446252xml
INFO  2014-07-16 07:46:23,513 [main] com.hazelcast.stabilizer.worker.Worker: <?xml version="1.0" encoding="UTF-8"?>

<hazelcast-client
        xsi:schemaLocation="http://www.hazelcast.com/schema/client-config
            http://www.hazelcast.com/schema/config/hazelcast-client-config-3.2.xsd"
        xmlns="http://www.hazelcast.com/schema/client-config"
        xmlns:xsi="http://www.w3.org/2001/XMLSchema-instance">

    <group>
        <name>workers</name>
    </group>

    <network>
        <cluster-members>
            <address>10.123.138.181:5701</address>
<address>10.65.4.133:5701</address>

        </cluster-members>
    </network>

</hazelcast-client>
INFO  2014-07-16 07:46:23,513 [main] com.hazelcast.stabilizer.worker.Worker: Worker mode:client
INFO  2014-07-16 07:46:23,513 [main] com.hazelcast.stabilizer.worker.Worker: Creating Client HazelcastInstance
INFO  2014-07-16 07:46:23,594 [main] com.hazelcast.core.LifecycleService: HazelcastClient[hz.client_0_workers][3.2.3] is STARTING
INFO  2014-07-16 07:46:24,077 [main] com.hazelcast.core.LifecycleService: HazelcastClient[hz.client_0_workers][3.2.3] is STARTED
INFO  2014-07-16 07:46:24,174 [hz.client_0_workers.cluster-listener] com.hazelcast.core.LifecycleService: HazelcastClient[hz.client_0_workers][3.2.3] is CLIENT_CONNECTED
INFO  2014-07-16 07:46:24,189 [hz.client_0_workers.cluster-listener] com.hazelcast.client.spi.ClientClusterService: 

Members [1] {
	Member [10.65.4.133]:5701
}

INFO  2014-07-16 07:46:24,274 [main] com.hazelcast.stabilizer.worker.Worker: Successfully created Client HazelcastInstance
INFO  2014-07-16 07:46:24,337 [main] com.hazelcast.stabilizer.worker.Worker: Successfully started Hazelcast Stabilizer Worker:worker-10.65.4.133-2-client
INFO  2014-07-16 07:46:29,530 [hz.client_0_workers.cluster-listener] com.hazelcast.client.spi.ClientClusterService: 

Members [2] {
	Member [10.65.4.133]:5701
	Member [10.123.138.181]:5701
}

INFO  2014-07-16 07:46:47,429 [Thread-0] com.hazelcast.stabilizer.worker.Worker: Init Test:
TestCase{
      id=
    , class=yourgroupid.ExampleTest
    , logFrequency=10000
    , performanceUpdateFrequency=10000
    , threadCount=1
}
INFO  2014-07-16 07:46:52,601 [Thread-0] com.hazelcast.stabilizer.worker.Worker: Calling test.setup()
INFO  2014-07-16 07:46:52,746 [Thread-2] com.hazelcast.stabilizer.worker.Worker: Finished test.setup()
