INFO  2014-07-14 14:23:10,394 [main] com.hazelcast.stabilizer.worker.Worker: Starting Stabilizer Worker
INFO  2014-07-14 14:23:10,406 [main] com.hazelcast.stabilizer.worker.Worker: jvm input arguments = [-XX:OnOutOfMemoryError=""touch worker.oome"", -DSTABILIZER_HOME=/home/users/stabilizer/hazelcast-stabilizer-0.3-SNAPSHOT, -Dhazelcast.logging.type=log4j, -DworkerId=worker-10.178.173.155-4-client, -DworkerMode=client, -Dlog4j.configuration=file:/home/users/stabilizer/hazelcast-stabilizer-0.3-SNAPSHOT/conf/worker-log4j.xml, -ea, -Xms2G, -Xmx2G, -XX:+PrintGC, -XX:+HeapDumpOnOutOfMemoryError]
INFO  2014-07-14 14:23:10,420 [main] com.hazelcast.stabilizer.worker.Worker: java.class.path=/home/users/stabilizer/hazelcast-stabilizer-0.3-SNAPSHOT/lib/hazelcast-3.2.3.jar:/home/users/stabilizer/hazelcast-stabilizer-0.3-SNAPSHOT/lib/jopt-simple-4.4.jar:/home/users/stabilizer/hazelcast-stabilizer-0.3-SNAPSHOT/lib/commons-lang3-3.3.2.jar:/home/users/stabilizer/hazelcast-stabilizer-0.3-SNAPSHOT/lib/hazelcast-client-3.2.3.jar:/home/users/stabilizer/hazelcast-stabilizer-0.3-SNAPSHOT/lib/log4j-1.2.17.jar:/home/users/stabilizer/hazelcast-stabilizer-0.3-SNAPSHOT/lib/stabilizer-0.3-SNAPSHOT.jar:/home/users/stabilizer/hazelcast-stabilizer-0.3-SNAPSHOT/lib/junit-4.11.jar:/home/users/stabilizer/hazelcast-stabilizer-0.3-SNAPSHOT/workers/1405347763883/lib/yourproject-1.0-SNAPSHOT.jar
INFO  2014-07-14 14:23:10,420 [main] com.hazelcast.stabilizer.worker.Worker: java.home=/home/users/stabilizer/jdk1.7.0_55/jre
INFO  2014-07-14 14:23:10,420 [main] com.hazelcast.stabilizer.worker.Worker: java.vendor=Oracle Corporation
INFO  2014-07-14 14:23:10,420 [main] com.hazelcast.stabilizer.worker.Worker: java.vendor.url=http://java.oracle.com/
INFO  2014-07-14 14:23:10,420 [main] com.hazelcast.stabilizer.worker.Worker: sun.java.command=com.hazelcast.stabilizer.worker.Worker /tmp/hazelcast5319958255592512679xml /tmp/client-hazelcast5696078903594014990xml
INFO  2014-07-14 14:23:10,420 [main] com.hazelcast.stabilizer.worker.Worker: java.version=1.7.0_55
INFO  2014-07-14 14:23:10,420 [main] com.hazelcast.stabilizer.worker.Worker: os.arch=amd64
INFO  2014-07-14 14:23:10,421 [main] com.hazelcast.stabilizer.worker.Worker: os.name=Linux
INFO  2014-07-14 14:23:10,421 [main] com.hazelcast.stabilizer.worker.Worker: os.version=3.10.35-43.137.amzn1.x86_64
INFO  2014-07-14 14:23:10,421 [main] com.hazelcast.stabilizer.worker.Worker: user.dir=/home/users/stabilizer/hazelcast-stabilizer-0.3-SNAPSHOT/workers/1405347763883/worker-10.178.173.155-4-client
INFO  2014-07-14 14:23:10,421 [main] com.hazelcast.stabilizer.worker.Worker: user.home=/home/users/stabilizer
INFO  2014-07-14 14:23:10,421 [main] com.hazelcast.stabilizer.worker.Worker: user.name=stabilizer
INFO  2014-07-14 14:23:10,421 [main] com.hazelcast.stabilizer.worker.Worker: STABILIZER_HOME=/home/users/stabilizer/hazelcast-stabilizer-0.3-SNAPSHOT
INFO  2014-07-14 14:23:10,421 [main] com.hazelcast.stabilizer.worker.Worker: hazelcast.logging.type=log4j
INFO  2014-07-14 14:23:10,421 [main] com.hazelcast.stabilizer.worker.Worker: log4j.configuration=file:/home/users/stabilizer/hazelcast-stabilizer-0.3-SNAPSHOT/conf/worker-log4j.xml
INFO  2014-07-14 14:23:10,421 [main] com.hazelcast.stabilizer.worker.Worker: Worker id:worker-10.178.173.155-4-client
INFO  2014-07-14 14:23:10,422 [main] com.hazelcast.stabilizer.worker.Worker: Worker hz config file:/tmp/hazelcast5319958255592512679xml
INFO  2014-07-14 14:23:10,439 [main] com.hazelcast.stabilizer.worker.Worker: <hazelcast xsi:schemaLocation="http://www.hazelcast.com/schema/config
                               http://www.hazelcast.com/schema/config/hazelcast-config-3.2.xsd"
           xmlns="http://www.hazelcast.com/schema/config"
           xmlns:xsi="http://www.w3.org/2001/XMLSchema-instance">
    <group>
        <name>workers</name>
    </group>

    <network>
        <port port-count="200" auto-increment="true">5701</port>
        <join>
            <multicast enabled="false"/>
            <tcp-ip enabled="true">
                <member>10.178.173.155:5701</member>

            </tcp-ip>
        </join>
    </network>

</hazelcast>
INFO  2014-07-14 14:23:10,440 [main] com.hazelcast.stabilizer.worker.Worker: Client hz config file:/tmp/client-hazelcast5696078903594014990xml
INFO  2014-07-14 14:23:10,440 [main] com.hazelcast.stabilizer.worker.Worker: <?xml version="1.0" encoding="UTF-8"?>

<hazelcast-client
        xsi:schemaLocation="http://www.hazelcast.com/schema/client-config
            http://www.hazelcast.com/schema/config/hazelcast-client-config-3.2.xsd"
        xmlns="http://www.hazelcast.com/schema/client-config"
        xmlns:xsi="http://www.w3.org/2001/XMLSchema-instance">

    <group>
        <name>workers</name>
    </group>

    <network>
        <cluster-members>
            <address>10.178.173.155:5701</address>

        </cluster-members>
    </network>

</hazelcast-client>
INFO  2014-07-14 14:23:10,440 [main] com.hazelcast.stabilizer.worker.Worker: Worker mode:client
INFO  2014-07-14 14:23:10,441 [main] com.hazelcast.stabilizer.worker.Worker: Creating Client HazelcastInstance
INFO  2014-07-14 14:23:10,618 [main] com.hazelcast.core.LifecycleService: HazelcastClient[hz.client_0_workers][3.2.3] is STARTING
INFO  2014-07-14 14:23:11,596 [main] com.hazelcast.core.LifecycleService: HazelcastClient[hz.client_0_workers][3.2.3] is STARTED
INFO  2014-07-14 14:23:11,884 [hz.client_0_workers.cluster-listener] com.hazelcast.core.LifecycleService: HazelcastClient[hz.client_0_workers][3.2.3] is CLIENT_CONNECTED
INFO  2014-07-14 14:23:11,930 [hz.client_0_workers.cluster-listener] com.hazelcast.client.spi.ClientClusterService: 

Members [2] {
	Member [10.178.173.155]:5701
	Member [10.178.173.155]:5702
}

INFO  2014-07-14 14:23:12,269 [main] com.hazelcast.stabilizer.worker.Worker: Successfully created Client HazelcastInstance
INFO  2014-07-14 14:23:12,390 [main] com.hazelcast.stabilizer.worker.Worker: Successfully started Hazelcast Stabilizer Worker:worker-10.178.173.155-4-client
INFO  2014-07-14 14:23:21,455 [Thread-0] com.hazelcast.stabilizer.worker.Worker: Init Test:
TestCase{
      id=
    , class=yourgroupid.ExampleTest
    , logFrequency=10000
    , performanceUpdateFrequency=10000
    , threadCount=1
}
INFO  2014-07-14 14:23:24,628 [Thread-0] com.hazelcast.stabilizer.worker.Worker: Calling test.setup()
INFO  2014-07-14 14:23:24,674 [Thread-2] com.hazelcast.stabilizer.worker.Worker: Finished test.setup()
INFO  2014-07-14 14:23:28,643 [Thread-0] com.hazelcast.stabilizer.worker.Worker: Calling test.localWarmup()
INFO  2014-07-14 14:23:28,645 [Thread-3] com.hazelcast.stabilizer.worker.Worker: Finished test.localWarmup()
INFO  2014-07-14 14:23:32,663 [Thread-0] com.hazelcast.stabilizer.worker.Worker: Calling test.globalWarmup()
INFO  2014-07-14 14:23:32,678 [Thread-4] com.hazelcast.stabilizer.worker.Worker: Finished test.globalWarmup()
INFO  2014-07-14 14:23:35,706 [Thread-0] com.hazelcast.stabilizer.worker.Worker: Starting test
INFO  2014-07-14 14:23:35,789 [Thread-1] yourgroupid.ExampleTest: Thread-1 At iteration: 0
INFO  2014-07-14 14:24:19,483 [Thread-1] yourgroupid.ExampleTest: Thread-1 At iteration: 10000
INFO  2014-07-14 14:24:38,849 [Thread-1] yourgroupid.ExampleTest: Thread-1 At iteration: 20000
INFO  2014-07-14 14:24:55,902 [Thread-1] yourgroupid.ExampleTest: Thread-1 At iteration: 30000
INFO  2014-07-14 14:25:13,317 [Thread-1] yourgroupid.ExampleTest: Thread-1 At iteration: 40000
INFO  2014-07-14 14:25:30,742 [Thread-1] yourgroupid.ExampleTest: Thread-1 At iteration: 50000
INFO  2014-07-14 14:25:47,248 [Thread-1] yourgroupid.ExampleTest: Thread-1 At iteration: 60000
INFO  2014-07-14 14:26:04,861 [Thread-1] yourgroupid.ExampleTest: Thread-1 At iteration: 70000
INFO  2014-07-14 14:26:22,323 [Thread-1] yourgroupid.ExampleTest: Thread-1 At iteration: 80000
INFO  2014-07-14 14:26:39,154 [Thread-1] yourgroupid.ExampleTest: Thread-1 At iteration: 90000
INFO  2014-07-14 14:26:55,630 [Thread-1] yourgroupid.ExampleTest: Thread-1 At iteration: 100000
INFO  2014-07-14 14:27:12,348 [Thread-1] yourgroupid.ExampleTest: Thread-1 At iteration: 110000
INFO  2014-07-14 14:27:28,764 [Thread-1] yourgroupid.ExampleTest: Thread-1 At iteration: 120000
INFO  2014-07-14 14:27:45,023 [Thread-1] yourgroupid.ExampleTest: Thread-1 At iteration: 130000
INFO  2014-07-14 14:28:01,896 [Thread-1] yourgroupid.ExampleTest: Thread-1 At iteration: 140000
INFO  2014-07-14 14:28:18,865 [Thread-1] yourgroupid.ExampleTest: Thread-1 At iteration: 150000
INFO  2014-07-14 14:28:35,511 [Thread-1] yourgroupid.ExampleTest: Thread-1 At iteration: 160000
INFO  2014-07-14 14:28:38,994 [Thread-0] com.hazelcast.stabilizer.worker.Worker: Calling test.stop
INFO  2014-07-14 14:28:38,994 [Thread-0] com.hazelcast.stabilizer.worker.Worker: Finished calling test.stop()
INFO  2014-07-14 14:28:43,019 [Thread-0] com.hazelcast.stabilizer.worker.Worker: Calling test.globalVerify()
INFO  2014-07-14 14:28:43,097 [Thread-6] com.hazelcast.stabilizer.worker.Worker: Finished test.globalVerify()
INFO  2014-07-14 14:28:47,054 [Thread-0] com.hazelcast.stabilizer.worker.Worker: Calling test.localVerify()
INFO  2014-07-14 14:28:47,056 [Thread-7] com.hazelcast.stabilizer.worker.Worker: Finished test.localVerify()
INFO  2014-07-14 14:28:51,063 [Thread-0] com.hazelcast.stabilizer.worker.Worker: Calling test.globalTeardown()
INFO  2014-07-14 14:28:51,065 [Thread-8] com.hazelcast.stabilizer.worker.Worker: Finished test.globalTeardown()
INFO  2014-07-14 14:28:56,076 [Thread-0] com.hazelcast.stabilizer.worker.Worker: Calling test.localTeardown()
INFO  2014-07-14 14:28:56,081 [Thread-9] com.hazelcast.stabilizer.worker.Worker: Finished test.localTeardown()
