INFO  2014-07-14 14:23:10,313 [main] com.hazelcast.stabilizer.worker.Worker: Starting Stabilizer Worker
INFO  2014-07-14 14:23:10,424 [main] com.hazelcast.stabilizer.worker.Worker: jvm input arguments = [-XX:OnOutOfMemoryError=""touch worker.oome"", -DSTABILIZER_HOME=/home/users/stabilizer/hazelcast-stabilizer-0.3-SNAPSHOT, -Dhazelcast.logging.type=log4j, -DworkerId=worker-10.178.173.155-3-client, -DworkerMode=client, -Dlog4j.configuration=file:/home/users/stabilizer/hazelcast-stabilizer-0.3-SNAPSHOT/conf/worker-log4j.xml, -ea, -Xms2G, -Xmx2G, -XX:+PrintGC, -XX:+HeapDumpOnOutOfMemoryError]
INFO  2014-07-14 14:23:10,443 [main] com.hazelcast.stabilizer.worker.Worker: java.class.path=/home/users/stabilizer/hazelcast-stabilizer-0.3-SNAPSHOT/lib/hazelcast-3.2.3.jar:/home/users/stabilizer/hazelcast-stabilizer-0.3-SNAPSHOT/lib/jopt-simple-4.4.jar:/home/users/stabilizer/hazelcast-stabilizer-0.3-SNAPSHOT/lib/commons-lang3-3.3.2.jar:/home/users/stabilizer/hazelcast-stabilizer-0.3-SNAPSHOT/lib/hazelcast-client-3.2.3.jar:/home/users/stabilizer/hazelcast-stabilizer-0.3-SNAPSHOT/lib/log4j-1.2.17.jar:/home/users/stabilizer/hazelcast-stabilizer-0.3-SNAPSHOT/lib/stabilizer-0.3-SNAPSHOT.jar:/home/users/stabilizer/hazelcast-stabilizer-0.3-SNAPSHOT/lib/junit-4.11.jar:/home/users/stabilizer/hazelcast-stabilizer-0.3-SNAPSHOT/workers/1405347763883/lib/yourproject-1.0-SNAPSHOT.jar
INFO  2014-07-14 14:23:10,443 [main] com.hazelcast.stabilizer.worker.Worker: java.home=/home/users/stabilizer/jdk1.7.0_55/jre
INFO  2014-07-14 14:23:10,443 [main] com.hazelcast.stabilizer.worker.Worker: java.vendor=Oracle Corporation
INFO  2014-07-14 14:23:10,443 [main] com.hazelcast.stabilizer.worker.Worker: java.vendor.url=http://java.oracle.com/
INFO  2014-07-14 14:23:10,443 [main] com.hazelcast.stabilizer.worker.Worker: sun.java.command=com.hazelcast.stabilizer.worker.Worker /tmp/hazelcast5319958255592512679xml /tmp/client-hazelcast5696078903594014990xml
INFO  2014-07-14 14:23:10,444 [main] com.hazelcast.stabilizer.worker.Worker: java.version=1.7.0_55
INFO  2014-07-14 14:23:10,444 [main] com.hazelcast.stabilizer.worker.Worker: os.arch=amd64
INFO  2014-07-14 14:23:10,457 [main] com.hazelcast.stabilizer.worker.Worker: os.name=Linux
INFO  2014-07-14 14:23:10,457 [main] com.hazelcast.stabilizer.worker.Worker: os.version=3.10.35-43.137.amzn1.x86_64
INFO  2014-07-14 14:23:10,457 [main] com.hazelcast.stabilizer.worker.Worker: user.dir=/home/users/stabilizer/hazelcast-stabilizer-0.3-SNAPSHOT/workers/1405347763883/worker-10.178.173.155-3-client
INFO  2014-07-14 14:23:10,457 [main] com.hazelcast.stabilizer.worker.Worker: user.home=/home/users/stabilizer
INFO  2014-07-14 14:23:10,457 [main] com.hazelcast.stabilizer.worker.Worker: user.name=stabilizer
INFO  2014-07-14 14:23:10,457 [main] com.hazelcast.stabilizer.worker.Worker: STABILIZER_HOME=/home/users/stabilizer/hazelcast-stabilizer-0.3-SNAPSHOT
INFO  2014-07-14 14:23:10,457 [main] com.hazelcast.stabilizer.worker.Worker: hazelcast.logging.type=log4j
INFO  2014-07-14 14:23:10,457 [main] com.hazelcast.stabilizer.worker.Worker: log4j.configuration=file:/home/users/stabilizer/hazelcast-stabilizer-0.3-SNAPSHOT/conf/worker-log4j.xml
INFO  2014-07-14 14:23:10,458 [main] com.hazelcast.stabilizer.worker.Worker: Worker id:worker-10.178.173.155-3-client
INFO  2014-07-14 14:23:10,458 [main] com.hazelcast.stabilizer.worker.Worker: Worker hz config file:/tmp/hazelcast5319958255592512679xml
INFO  2014-07-14 14:23:10,485 [main] com.hazelcast.stabilizer.worker.Worker: <hazelcast xsi:schemaLocation="http://www.hazelcast.com/schema/config
                               http://www.hazelcast.com/schema/config/hazelcast-config-3.2.xsd"
           xmlns="http://www.hazelcast.com/schema/config"
           xmlns:xsi="http://www.w3.org/2001/XMLSchema-instance">
    <group>
        <name>workers</name>
    </group>

    <network>
        <port port-count="200" auto-increment="true">5701</port>
        <join>
            <multicast enabled="false"/>
            <tcp-ip enabled="true">
                <member>10.178.173.155:5701</member>

            </tcp-ip>
        </join>
    </network>

</hazelcast>
INFO  2014-07-14 14:23:10,485 [main] com.hazelcast.stabilizer.worker.Worker: Client hz config file:/tmp/client-hazelcast5696078903594014990xml
INFO  2014-07-14 14:23:10,485 [main] com.hazelcast.stabilizer.worker.Worker: <?xml version="1.0" encoding="UTF-8"?>

<hazelcast-client
        xsi:schemaLocation="http://www.hazelcast.com/schema/client-config
            http://www.hazelcast.com/schema/config/hazelcast-client-config-3.2.xsd"
        xmlns="http://www.hazelcast.com/schema/client-config"
        xmlns:xsi="http://www.w3.org/2001/XMLSchema-instance">

    <group>
        <name>workers</name>
    </group>

    <network>
        <cluster-members>
            <address>10.178.173.155:5701</address>

        </cluster-members>
    </network>

</hazelcast-client>
INFO  2014-07-14 14:23:10,485 [main] com.hazelcast.stabilizer.worker.Worker: Worker mode:client
INFO  2014-07-14 14:23:10,486 [main] com.hazelcast.stabilizer.worker.Worker: Creating Client HazelcastInstance
INFO  2014-07-14 14:23:10,565 [main] com.hazelcast.core.LifecycleService: HazelcastClient[hz.client_0_workers][3.2.3] is STARTING
INFO  2014-07-14 14:23:11,692 [main] com.hazelcast.core.LifecycleService: HazelcastClient[hz.client_0_workers][3.2.3] is STARTED
INFO  2014-07-14 14:23:11,854 [hz.client_0_workers.cluster-listener] com.hazelcast.core.LifecycleService: HazelcastClient[hz.client_0_workers][3.2.3] is CLIENT_CONNECTED
INFO  2014-07-14 14:23:11,879 [hz.client_0_workers.cluster-listener] com.hazelcast.client.spi.ClientClusterService: 

Members [2] {
	Member [10.178.173.155]:5701
	Member [10.178.173.155]:5702
}

INFO  2014-07-14 14:23:12,424 [main] com.hazelcast.stabilizer.worker.Worker: Successfully created Client HazelcastInstance
INFO  2014-07-14 14:23:12,630 [main] com.hazelcast.stabilizer.worker.Worker: Successfully started Hazelcast Stabilizer Worker:worker-10.178.173.155-3-client
INFO  2014-07-14 14:23:21,727 [Thread-0] com.hazelcast.stabilizer.worker.Worker: Init Test:
TestCase{
      id=
    , class=yourgroupid.ExampleTest
    , logFrequency=10000
    , performanceUpdateFrequency=10000
    , threadCount=1
}
INFO  2014-07-14 14:23:24,002 [Thread-0] com.hazelcast.stabilizer.worker.Worker: Calling test.setup()
INFO  2014-07-14 14:23:24,150 [Thread-2] com.hazelcast.stabilizer.worker.Worker: Finished test.setup()
INFO  2014-07-14 14:23:28,029 [Thread-0] com.hazelcast.stabilizer.worker.Worker: Calling test.localWarmup()
INFO  2014-07-14 14:23:28,031 [Thread-3] com.hazelcast.stabilizer.worker.Worker: Finished test.localWarmup()
INFO  2014-07-14 14:23:36,063 [Thread-0] com.hazelcast.stabilizer.worker.Worker: Starting test
INFO  2014-07-14 14:23:36,199 [Thread-1] yourgroupid.ExampleTest: Thread-1 At iteration: 0
INFO  2014-07-14 14:24:15,106 [Thread-1] yourgroupid.ExampleTest: Thread-1 At iteration: 10000
INFO  2014-07-14 14:24:34,260 [Thread-1] yourgroupid.ExampleTest: Thread-1 At iteration: 20000
INFO  2014-07-14 14:24:50,492 [Thread-1] yourgroupid.ExampleTest: Thread-1 At iteration: 30000
INFO  2014-07-14 14:25:05,852 [Thread-1] yourgroupid.ExampleTest: Thread-1 At iteration: 40000
INFO  2014-07-14 14:25:21,525 [Thread-1] yourgroupid.ExampleTest: Thread-1 At iteration: 50000
INFO  2014-07-14 14:25:37,239 [Thread-1] yourgroupid.ExampleTest: Thread-1 At iteration: 60000
INFO  2014-07-14 14:25:53,017 [Thread-1] yourgroupid.ExampleTest: Thread-1 At iteration: 70000
INFO  2014-07-14 14:26:07,426 [Thread-1] yourgroupid.ExampleTest: Thread-1 At iteration: 80000
INFO  2014-07-14 14:26:21,865 [Thread-1] yourgroupid.ExampleTest: Thread-1 At iteration: 90000
INFO  2014-07-14 14:26:36,950 [Thread-1] yourgroupid.ExampleTest: Thread-1 At iteration: 100000
INFO  2014-07-14 14:26:52,057 [Thread-1] yourgroupid.ExampleTest: Thread-1 At iteration: 110000
INFO  2014-07-14 14:27:07,353 [Thread-1] yourgroupid.ExampleTest: Thread-1 At iteration: 120000
INFO  2014-07-14 14:27:22,629 [Thread-1] yourgroupid.ExampleTest: Thread-1 At iteration: 130000
INFO  2014-07-14 14:27:37,890 [Thread-1] yourgroupid.ExampleTest: Thread-1 At iteration: 140000
INFO  2014-07-14 14:27:53,041 [Thread-1] yourgroupid.ExampleTest: Thread-1 At iteration: 150000
INFO  2014-07-14 14:28:07,589 [Thread-1] yourgroupid.ExampleTest: Thread-1 At iteration: 160000
INFO  2014-07-14 14:28:22,476 [Thread-1] yourgroupid.ExampleTest: Thread-1 At iteration: 170000
INFO  2014-07-14 14:28:37,590 [Thread-1] yourgroupid.ExampleTest: Thread-1 At iteration: 180000
INFO  2014-07-14 14:28:39,798 [Thread-0] com.hazelcast.stabilizer.worker.Worker: Calling test.stop
INFO  2014-07-14 14:28:39,799 [Thread-0] com.hazelcast.stabilizer.worker.Worker: Finished calling test.stop()
INFO  2014-07-14 14:28:46,844 [Thread-0] com.hazelcast.stabilizer.worker.Worker: Calling test.localVerify()
INFO  2014-07-14 14:28:46,846 [Thread-5] com.hazelcast.stabilizer.worker.Worker: Finished test.localVerify()
INFO  2014-07-14 14:28:55,878 [Thread-0] com.hazelcast.stabilizer.worker.Worker: Calling test.localTeardown()
INFO  2014-07-14 14:28:55,895 [Thread-6] com.hazelcast.stabilizer.worker.Worker: Finished test.localTeardown()
WARN  2014-07-14 14:28:58,245 [InSelector] com.hazelcast.client.connection.nio.ClientConnection: Connection [/10.178.173.155:5702] lost. Reason: java.io.EOFException[Remote socket closed!]
WARN  2014-07-14 14:28:58,245 [InSelector] com.hazelcast.client.connection.nio.ClientReadHandler: InSelector Closing socket to endpoint Address[10.178.173.155]:5702, Cause:java.io.EOFException: Remote socket closed!
