INFO  2014-07-14 17:22:43,837 [main] com.hazelcast.stabilizer.coordinator.Coordinator: Hazelcast Stabilizer Coordinator
INFO  2014-07-14 17:22:43,843 [main] com.hazelcast.stabilizer.coordinator.Coordinator: Version: 0.3-SNAPSHOT, Commit: fe851bc, Build Time: 13.07.2014 @ 08:51:58 EEST
INFO  2014-07-14 17:22:43,843 [main] com.hazelcast.stabilizer.coordinator.Coordinator: STABILIZER_HOME: /java/hazelcast-stabilizer
INFO  2014-07-14 17:22:43,865 [main] com.hazelcast.stabilizer.common.StabilizerProperties: Loading stabilizer.properties: /java/yourproject/workdir/stabilizer.properties
INFO  2014-07-14 17:22:43,879 [main] com.hazelcast.stabilizer.coordinator.CoordinatorCli: Loading testsuite file: /java/yourproject/workdir/../conf/test.properties
INFO  2014-07-14 17:22:43,885 [main] com.hazelcast.stabilizer.coordinator.CoordinatorCli: Loading Hazelcast configuration: /java/yourproject/workdir/../conf/hazelcast.xml
INFO  2014-07-14 17:22:43,885 [main] com.hazelcast.stabilizer.coordinator.CoordinatorCli: Loading Hazelcast client configuration: /java/yourproject/workdir/../conf/client-hazelcast.xml
INFO  2014-07-14 17:22:43,886 [main] com.hazelcast.stabilizer.coordinator.Coordinator: Loading agents file: /java/yourproject/workdir/agents.txt
INFO  2014-07-14 17:22:43,893 [main] com.hazelcast.stabilizer.coordinator.AgentsClient: --------------------------------------------------------------
INFO  2014-07-14 17:22:43,893 [main] com.hazelcast.stabilizer.coordinator.AgentsClient: Waiting for agents to start
INFO  2014-07-14 17:22:43,893 [main] com.hazelcast.stabilizer.coordinator.AgentsClient: --------------------------------------------------------------
INFO  2014-07-14 17:22:47,444 [main] com.hazelcast.stabilizer.coordinator.AgentsClient: Connect to agent 54.91.177.227 OK
INFO  2014-07-14 17:22:47,444 [main] com.hazelcast.stabilizer.coordinator.AgentsClient: --------------------------------------------------------------
INFO  2014-07-14 17:22:47,444 [main] com.hazelcast.stabilizer.coordinator.AgentsClient: All agents are reachable!
INFO  2014-07-14 17:22:47,445 [main] com.hazelcast.stabilizer.coordinator.AgentsClient: --------------------------------------------------------------
INFO  2014-07-14 17:22:47,486 [main] com.hazelcast.stabilizer.coordinator.Coordinator: Performance monitor enabled: false
INFO  2014-07-14 17:22:47,486 [main] com.hazelcast.stabilizer.coordinator.Coordinator: Total number of agents: 1
INFO  2014-07-14 17:22:47,486 [main] com.hazelcast.stabilizer.coordinator.Coordinator: Total number of Hazelcast member workers: 2
INFO  2014-07-14 17:22:47,486 [main] com.hazelcast.stabilizer.coordinator.Coordinator: Total number of Hazelcast client workers: 2
INFO  2014-07-14 17:22:47,487 [main] com.hazelcast.stabilizer.coordinator.Coordinator: Total number of Hazelcast mixed client & member workers: 0
INFO  2014-07-14 17:22:48,438 [main] com.hazelcast.stabilizer.coordinator.Coordinator: Copying workerClasspath '../target/*.jar' to agents
INFO  2014-07-14 17:22:55,107 [main] com.hazelcast.stabilizer.coordinator.Coordinator: Finished copying workerClasspath '../target/*.jar' to agents
INFO  2014-07-14 17:22:56,475 [main] com.hazelcast.stabilizer.coordinator.Coordinator: Starting workers
INFO  2014-07-14 17:23:13,092 [main] com.hazelcast.stabilizer.coordinator.Coordinator: Finished starting a grand total of 4 Workers JVM's after 16615 ms
INFO  2014-07-14 17:23:13,740 [main] com.hazelcast.stabilizer.coordinator.Coordinator: Starting testsuite: 1405347763883
INFO  2014-07-14 17:23:16,674 [main] com.hazelcast.stabilizer.coordinator.Coordinator: Tests in testsuite: 1
INFO  2014-07-14 17:23:17,220 [main] com.hazelcast.stabilizer.coordinator.Coordinator: Running time per test: 00d 00h 05m 00s 
INFO  2014-07-14 17:23:18,157 [main] com.hazelcast.stabilizer.coordinator.Coordinator: Expected total testsuite time: 00d 00h 05m 00s
INFO  2014-07-14 17:23:19,060 [main] com.hazelcast.stabilizer.coordinator.Coordinator: Running 1 tests sequentially
INFO  2014-07-14 17:23:19,062 [main] com.hazelcast.stabilizer.coordinator.TestCaseRunner: --------------------------------------------------------------
Running Test : 
TestCase{
      id=
    , class=yourgroupid.ExampleTest
    , logFrequency=10000
    , performanceUpdateFrequency=10000
    , threadCount=1
}
--------------------------------------------------------------
INFO  2014-07-14 17:23:20,268 [main] com.hazelcast.stabilizer.coordinator.TestCaseRunner: Starting Test initialization
INFO  2014-07-14 17:23:22,772 [main] com.hazelcast.stabilizer.coordinator.TestCaseRunner: Completed Test initialization
INFO  2014-07-14 17:23:23,260 [main] com.hazelcast.stabilizer.coordinator.TestCaseRunner: Starting Test setup
INFO  2014-07-14 17:23:26,819 [main] com.hazelcast.stabilizer.coordinator.TestCaseRunner: Completed Test setup
INFO  2014-07-14 17:23:27,337 [main] com.hazelcast.stabilizer.coordinator.TestCaseRunner: Starting Test local warmup
INFO  2014-07-14 17:23:30,732 [main] com.hazelcast.stabilizer.coordinator.TestCaseRunner: Completed Test local warmup
INFO  2014-07-14 17:23:31,264 [main] com.hazelcast.stabilizer.coordinator.TestCaseRunner: Starting Test global warmup
INFO  2014-07-14 17:23:34,572 [main] com.hazelcast.stabilizer.coordinator.TestCaseRunner: Completed Test global warmup
INFO  2014-07-14 17:23:35,094 [main] com.hazelcast.stabilizer.coordinator.TestCaseRunner: Starting Test start
INFO  2014-07-14 17:23:36,927 [main] com.hazelcast.stabilizer.coordinator.TestCaseRunner: Completed Test start
INFO  2014-07-14 17:23:37,406 [main] com.hazelcast.stabilizer.coordinator.TestCaseRunner: Test will run for 00d 00h 05m 00s
INFO  2014-07-14 17:24:07,414 [main] com.hazelcast.stabilizer.coordinator.TestCaseRunner: Running 00d 00h 00m 30s, 10.00 percent complete
INFO  2014-07-14 17:24:37,414 [main] com.hazelcast.stabilizer.coordinator.TestCaseRunner: Running 00d 00h 01m 00s, 20.00 percent complete
INFO  2014-07-14 17:25:07,416 [main] com.hazelcast.stabilizer.coordinator.TestCaseRunner: Running 00d 00h 01m 30s, 30.00 percent complete
INFO  2014-07-14 17:25:37,416 [main] com.hazelcast.stabilizer.coordinator.TestCaseRunner: Running 00d 00h 02m 00s, 40.00 percent complete
INFO  2014-07-14 17:26:07,417 [main] com.hazelcast.stabilizer.coordinator.TestCaseRunner: Running 00d 00h 02m 30s, 50.00 percent complete
INFO  2014-07-14 17:26:37,418 [main] com.hazelcast.stabilizer.coordinator.TestCaseRunner: Running 00d 00h 03m 00s, 60.00 percent complete
INFO  2014-07-14 17:27:07,419 [main] com.hazelcast.stabilizer.coordinator.TestCaseRunner: Running 00d 00h 03m 30s, 70.00 percent complete
INFO  2014-07-14 17:27:37,420 [main] com.hazelcast.stabilizer.coordinator.TestCaseRunner: Running 00d 00h 04m 00s, 80.00 percent complete
INFO  2014-07-14 17:28:07,422 [main] com.hazelcast.stabilizer.coordinator.TestCaseRunner: Running 00d 00h 04m 30s, 90.00 percent complete
INFO  2014-07-14 17:28:37,423 [main] com.hazelcast.stabilizer.coordinator.TestCaseRunner: Running 00d 00h 05m 00s, 100.00 percent complete
INFO  2014-07-14 17:28:37,916 [main] com.hazelcast.stabilizer.coordinator.TestCaseRunner: Test finished running
INFO  2014-07-14 17:28:38,440 [main] com.hazelcast.stabilizer.coordinator.TestCaseRunner: Starting Test stop
INFO  2014-07-14 17:28:42,089 [main] com.hazelcast.stabilizer.coordinator.TestCaseRunner: Completed Test stop
INFO  2014-07-14 17:28:42,563 [main] com.hazelcast.stabilizer.coordinator.TestCaseRunner: Starting Test global verify
INFO  2014-07-14 17:28:45,188 [main] com.hazelcast.stabilizer.coordinator.TestCaseRunner: Completed Test global verify
INFO  2014-07-14 17:28:45,663 [main] com.hazelcast.stabilizer.coordinator.TestCaseRunner: Starting Test local verify
INFO  2014-07-14 17:28:49,367 [main] com.hazelcast.stabilizer.coordinator.TestCaseRunner: Completed Test local verify
INFO  2014-07-14 17:28:50,062 [main] com.hazelcast.stabilizer.coordinator.TestCaseRunner: Starting Test global tear down
INFO  2014-07-14 17:28:53,496 [main] com.hazelcast.stabilizer.coordinator.TestCaseRunner: Finished Test global tear down
INFO  2014-07-14 17:28:54,040 [main] com.hazelcast.stabilizer.coordinator.TestCaseRunner: Starting Test local tear down
INFO  2014-07-14 17:28:56,830 [main] com.hazelcast.stabilizer.coordinator.TestCaseRunner: Completed Test local tear down
INFO  2014-07-14 17:28:57,288 [main] com.hazelcast.stabilizer.coordinator.Coordinator: Terminating workers
INFO  2014-07-14 17:28:59,524 [main] com.hazelcast.stabilizer.coordinator.Coordinator: All workers have been terminated
INFO  2014-07-14 17:28:59,524 [main] com.hazelcast.stabilizer.coordinator.Coordinator: Starting cool down (10 sec)
INFO  2014-07-14 17:29:09,525 [main] com.hazelcast.stabilizer.coordinator.Coordinator: Finished cool down
INFO  2014-07-14 17:29:09,526 [main] com.hazelcast.stabilizer.coordinator.Coordinator: Total running time: 351 seconds
INFO  2014-07-14 17:29:09,526 [main] com.hazelcast.stabilizer.coordinator.Coordinator: -----------------------------------------------------------------------------
INFO  2014-07-14 17:29:09,526 [main] com.hazelcast.stabilizer.coordinator.Coordinator: No failures have been detected!
INFO  2014-07-14 17:29:09,527 [main] com.hazelcast.stabilizer.coordinator.Coordinator: -----------------------------------------------------------------------------
INFO  2014-07-16 10:45:52,874 [main] com.hazelcast.stabilizer.coordinator.Coordinator: Hazelcast Stabilizer Coordinator
INFO  2014-07-16 10:45:52,881 [main] com.hazelcast.stabilizer.coordinator.Coordinator: Version: 0.3-SNAPSHOT, Commit: fe851bc, Build Time: 13.07.2014 @ 08:51:58 EEST
INFO  2014-07-16 10:45:52,882 [main] com.hazelcast.stabilizer.coordinator.Coordinator: STABILIZER_HOME: /java/hazelcast-stabilizer
INFO  2014-07-16 10:45:52,914 [main] com.hazelcast.stabilizer.common.StabilizerProperties: Loading stabilizer.properties: /java/yourproject/workdir/stabilizer.properties
INFO  2014-07-16 10:45:52,934 [main] com.hazelcast.stabilizer.coordinator.CoordinatorCli: Loading testsuite file: /java/yourproject/workdir/../conf/test.properties
INFO  2014-07-16 10:45:52,940 [main] com.hazelcast.stabilizer.coordinator.CoordinatorCli: Loading Hazelcast configuration: /java/yourproject/workdir/../conf/hazelcast.xml
INFO  2014-07-16 10:45:52,941 [main] com.hazelcast.stabilizer.coordinator.CoordinatorCli: Loading Hazelcast client configuration: /java/yourproject/workdir/../conf/client-hazelcast.xml
INFO  2014-07-16 10:45:52,942 [main] com.hazelcast.stabilizer.coordinator.Coordinator: Loading agents file: /java/yourproject/workdir/agents.txt
INFO  2014-07-16 10:45:52,949 [main] com.hazelcast.stabilizer.coordinator.AgentsClient: --------------------------------------------------------------
INFO  2014-07-16 10:45:52,949 [main] com.hazelcast.stabilizer.coordinator.AgentsClient: Waiting for agents to start
INFO  2014-07-16 10:45:52,949 [main] com.hazelcast.stabilizer.coordinator.AgentsClient: --------------------------------------------------------------
INFO  2014-07-16 10:45:54,448 [main] com.hazelcast.stabilizer.coordinator.AgentsClient: Connect to agent 54.90.41.12 OK
INFO  2014-07-16 10:45:56,000 [main] com.hazelcast.stabilizer.coordinator.AgentsClient: Connect to agent 54.81.195.8 OK
INFO  2014-07-16 10:45:56,001 [main] com.hazelcast.stabilizer.coordinator.AgentsClient: --------------------------------------------------------------
INFO  2014-07-16 10:45:56,001 [main] com.hazelcast.stabilizer.coordinator.AgentsClient: All agents are reachable!
INFO  2014-07-16 10:45:56,001 [main] com.hazelcast.stabilizer.coordinator.AgentsClient: --------------------------------------------------------------
INFO  2014-07-16 10:45:56,043 [main] com.hazelcast.stabilizer.coordinator.Coordinator: Performance monitor enabled: false
INFO  2014-07-16 10:45:56,043 [main] com.hazelcast.stabilizer.coordinator.Coordinator: Total number of agents: 2
INFO  2014-07-16 10:45:56,044 [main] com.hazelcast.stabilizer.coordinator.Coordinator: Total number of Hazelcast member workers: 2
INFO  2014-07-16 10:45:56,044 [main] com.hazelcast.stabilizer.coordinator.Coordinator: Total number of Hazelcast client workers: 2
INFO  2014-07-16 10:45:56,044 [main] com.hazelcast.stabilizer.coordinator.Coordinator: Total number of Hazelcast mixed client & member workers: 0
INFO  2014-07-16 10:45:57,748 [main] com.hazelcast.stabilizer.coordinator.Coordinator: Copying workerClasspath '../target/*.jar' to agents
INFO  2014-07-16 10:46:12,935 [main] com.hazelcast.stabilizer.coordinator.Coordinator: Finished copying workerClasspath '../target/*.jar' to agents
INFO  2014-07-16 10:46:14,930 [main] com.hazelcast.stabilizer.coordinator.Coordinator: Starting workers
INFO  2014-07-16 10:46:34,098 [main] com.hazelcast.stabilizer.coordinator.Coordinator: Finished starting a grand total of 4 Workers JVM's after 19167 ms
INFO  2014-07-16 10:46:35,988 [main] com.hazelcast.stabilizer.coordinator.Coordinator: Starting testsuite: 1405496752938
INFO  2014-07-16 10:46:38,099 [main] com.hazelcast.stabilizer.coordinator.Coordinator: Tests in testsuite: 1
INFO  2014-07-16 10:46:39,614 [main] com.hazelcast.stabilizer.coordinator.Coordinator: Running time per test: 00d 00h 02m 00s 
INFO  2014-07-16 10:46:41,509 [main] com.hazelcast.stabilizer.coordinator.Coordinator: Expected total testsuite time: 00d 00h 02m 00s
INFO  2014-07-16 10:46:43,491 [main] com.hazelcast.stabilizer.coordinator.Coordinator: Running 1 tests sequentially
INFO  2014-07-16 10:46:43,494 [main] com.hazelcast.stabilizer.coordinator.TestCaseRunner: --------------------------------------------------------------
Running Test : 
TestCase{
      id=
    , class=yourgroupid.ExampleTest
    , logFrequency=10000
    , performanceUpdateFrequency=10000
    , threadCount=1
}
--------------------------------------------------------------
INFO  2014-07-16 10:46:45,821 [main] com.hazelcast.stabilizer.coordinator.TestCaseRunner: Starting Test initialization
INFO  2014-07-16 10:46:49,840 [main] com.hazelcast.stabilizer.coordinator.TestCaseRunner: Completed Test initialization
INFO  2014-07-16 10:46:51,279 [main] com.hazelcast.stabilizer.coordinator.TestCaseRunner: Starting Test setup
INFO  2014-07-16 10:46:55,462 [main] com.hazelcast.stabilizer.coordinator.AgentsClient: Waiting for completion: 00d 00h 00m 02s
INFO  2014-07-16 10:47:03,202 [main] com.hazelcast.stabilizer.coordinator.AgentsClient: Waiting for completion: 00d 00h 00m 09s
INFO  2014-07-16 10:47:10,529 [main] com.hazelcast.stabilizer.coordinator.AgentsClient: Waiting for completion: 00d 00h 00m 17s
INFO  2014-07-16 10:47:18,691 [main] com.hazelcast.stabilizer.coordinator.AgentsClient: Waiting for completion: 00d 00h 00m 25s
INFO  2014-07-16 10:47:26,244 [main] com.hazelcast.stabilizer.coordinator.AgentsClient: Waiting for completion: 00d 00h 00m 32s
INFO  2014-07-16 10:47:33,599 [main] com.hazelcast.stabilizer.coordinator.AgentsClient: Waiting for completion: 00d 00h 00m 40s
INFO  2014-07-16 10:47:41,105 [main] com.hazelcast.stabilizer.coordinator.AgentsClient: Waiting for completion: 00d 00h 00m 47s
INFO  2014-07-16 10:47:48,053 [main] com.hazelcast.stabilizer.coordinator.AgentsClient: Waiting for completion: 00d 00h 00m 54s
INFO  2014-07-16 10:47:54,245 [main] com.hazelcast.stabilizer.coordinator.AgentsClient: Waiting for completion: 00d 00h 01m 00s
INFO  2014-07-16 10:48:00,256 [main] com.hazelcast.stabilizer.coordinator.AgentsClient: Waiting for completion: 00d 00h 01m 06s
INFO  2014-07-16 10:48:06,245 [main] com.hazelcast.stabilizer.coordinator.AgentsClient: Waiting for completion: 00d 00h 01m 12s
INFO  2014-07-16 10:48:12,257 [main] com.hazelcast.stabilizer.coordinator.AgentsClient: Waiting for completion: 00d 00h 01m 18s
INFO  2014-07-16 10:48:18,285 [main] com.hazelcast.stabilizer.coordinator.AgentsClient: Waiting for completion: 00d 00h 01m 24s
INFO  2014-07-16 10:48:24,276 [main] com.hazelcast.stabilizer.coordinator.AgentsClient: Waiting for completion: 00d 00h 01m 30s
INFO  2014-07-16 10:48:30,817 [main] com.hazelcast.stabilizer.coordinator.AgentsClient: Waiting for completion: 00d 00h 01m 37s
INFO  2014-07-16 10:48:37,170 [main] com.hazelcast.stabilizer.coordinator.AgentsClient: Waiting for completion: 00d 00h 01m 43s
INFO  2014-07-16 10:48:43,325 [main] com.hazelcast.stabilizer.coordinator.AgentsClient: Waiting for completion: 00d 00h 01m 49s
INFO  2014-07-16 10:48:49,334 [main] com.hazelcast.stabilizer.coordinator.AgentsClient: Waiting for completion: 00d 00h 01m 55s
INFO  2014-07-16 10:48:55,363 [main] com.hazelcast.stabilizer.coordinator.AgentsClient: Waiting for completion: 00d 00h 02m 01s
INFO  2014-07-16 10:49:01,367 [main] com.hazelcast.stabilizer.coordinator.AgentsClient: Waiting for completion: 00d 00h 02m 07s
INFO  2014-07-16 10:49:07,428 [main] com.hazelcast.stabilizer.coordinator.AgentsClient: Waiting for completion: 00d 00h 02m 14s
INFO  2014-07-16 10:49:14,027 [main] com.hazelcast.stabilizer.coordinator.AgentsClient: Waiting for completion: 00d 00h 02m 20s
INFO  2014-07-16 10:49:20,421 [main] com.hazelcast.stabilizer.coordinator.AgentsClient: Waiting for completion: 00d 00h 02m 27s
INFO  2014-07-16 10:49:26,425 [main] com.hazelcast.stabilizer.coordinator.AgentsClient: Waiting for completion: 00d 00h 02m 33s
INFO  2014-07-16 10:49:32,450 [main] com.hazelcast.stabilizer.coordinator.AgentsClient: Waiting for completion: 00d 00h 02m 39s
INFO  2014-07-16 10:49:38,448 [main] com.hazelcast.stabilizer.coordinator.AgentsClient: Waiting for completion: 00d 00h 02m 45s
INFO  2014-07-16 10:49:44,497 [main] com.hazelcast.stabilizer.coordinator.AgentsClient: Waiting for completion: 00d 00h 02m 51s
INFO  2014-07-16 10:49:50,538 [main] com.hazelcast.stabilizer.coordinator.AgentsClient: Waiting for completion: 00d 00h 02m 57s
INFO  2014-07-16 10:49:56,987 [main] com.hazelcast.stabilizer.coordinator.AgentsClient: Waiting for completion: 00d 00h 03m 03s
INFO  2014-07-16 10:50:03,138 [main] com.hazelcast.stabilizer.coordinator.AgentsClient: Waiting for completion: 00d 00h 03m 09s
INFO  2014-07-16 10:50:09,584 [main] com.hazelcast.stabilizer.coordinator.AgentsClient: Waiting for completion: 00d 00h 03m 16s
INFO  2014-07-16 10:50:16,028 [main] com.hazelcast.stabilizer.coordinator.AgentsClient: Waiting for completion: 00d 00h 03m 22s
INFO  2014-07-16 10:50:22,202 [main] com.hazelcast.stabilizer.coordinator.AgentsClient: Waiting for completion: 00d 00h 03m 28s
INFO  2014-07-16 10:50:28,632 [main] com.hazelcast.stabilizer.coordinator.AgentsClient: Waiting for completion: 00d 00h 03m 35s
INFO  2014-07-16 10:50:34,673 [main] com.hazelcast.stabilizer.coordinator.AgentsClient: Waiting for completion: 00d 00h 03m 41s
INFO  2014-07-16 10:50:41,106 [main] com.hazelcast.stabilizer.coordinator.AgentsClient: Waiting for completion: 00d 00h 03m 47s
INFO  2014-07-16 10:50:47,608 [main] com.hazelcast.stabilizer.coordinator.AgentsClient: Waiting for completion: 00d 00h 03m 54s
INFO  2014-07-16 10:50:53,627 [main] com.hazelcast.stabilizer.coordinator.AgentsClient: Waiting for completion: 00d 00h 04m 00s
INFO  2014-07-16 10:50:59,638 [main] com.hazelcast.stabilizer.coordinator.AgentsClient: Waiting for completion: 00d 00h 04m 06s
INFO  2014-07-16 10:51:05,636 [main] com.hazelcast.stabilizer.coordinator.AgentsClient: Waiting for completion: 00d 00h 04m 12s
INFO  2014-07-16 10:51:11,654 [main] com.hazelcast.stabilizer.coordinator.AgentsClient: Waiting for completion: 00d 00h 04m 18s
INFO  2014-07-16 10:51:17,665 [main] com.hazelcast.stabilizer.coordinator.AgentsClient: Waiting for completion: 00d 00h 04m 24s
INFO  2014-07-16 10:51:23,689 [main] com.hazelcast.stabilizer.coordinator.AgentsClient: Waiting for completion: 00d 00h 04m 30s
INFO  2014-07-16 10:51:29,679 [main] com.hazelcast.stabilizer.coordinator.AgentsClient: Waiting for completion: 00d 00h 04m 36s
INFO  2014-07-16 10:51:35,723 [main] com.hazelcast.stabilizer.coordinator.AgentsClient: Waiting for completion: 00d 00h 04m 42s
INFO  2014-07-16 10:51:42,257 [main] com.hazelcast.stabilizer.coordinator.AgentsClient: Waiting for completion: 00d 00h 04m 48s
INFO  2014-07-16 10:51:48,751 [main] com.hazelcast.stabilizer.coordinator.AgentsClient: Waiting for completion: 00d 00h 04m 55s
INFO  2014-07-16 10:51:55,222 [main] com.hazelcast.stabilizer.coordinator.AgentsClient: Waiting for completion: 00d 00h 05m 01s
INFO  2014-07-16 10:52:01,441 [main] com.hazelcast.stabilizer.coordinator.AgentsClient: Waiting for completion: 00d 00h 05m 08s
INFO  2014-07-16 10:52:07,779 [main] com.hazelcast.stabilizer.coordinator.AgentsClient: Waiting for completion: 00d 00h 05m 14s
INFO  2014-07-16 10:52:13,802 [main] com.hazelcast.stabilizer.coordinator.AgentsClient: Waiting for completion: 00d 00h 05m 20s
INFO  2014-07-16 10:52:20,350 [main] com.hazelcast.stabilizer.coordinator.AgentsClient: Waiting for completion: 00d 00h 05m 26s
INFO  2014-07-16 10:52:26,813 [main] com.hazelcast.stabilizer.coordinator.AgentsClient: Waiting for completion: 00d 00h 05m 33s
INFO  2014-07-16 10:52:32,822 [main] com.hazelcast.stabilizer.coordinator.AgentsClient: Waiting for completion: 00d 00h 05m 39s
INFO  2014-07-16 10:52:39,396 [main] com.hazelcast.stabilizer.coordinator.AgentsClient: Waiting for completion: 00d 00h 05m 46s
INFO  2014-07-16 10:52:45,847 [main] com.hazelcast.stabilizer.coordinator.AgentsClient: Waiting for completion: 00d 00h 05m 52s
INFO  2014-07-16 10:52:52,316 [main] com.hazelcast.stabilizer.coordinator.AgentsClient: Waiting for completion: 00d 00h 05m 58s
INFO  2014-07-16 10:52:58,593 [main] com.hazelcast.stabilizer.coordinator.AgentsClient: Waiting for completion: 00d 00h 06m 05s
INFO  2014-07-16 10:53:04,894 [main] com.hazelcast.stabilizer.coordinator.AgentsClient: Waiting for completion: 00d 00h 06m 11s
INFO  2014-07-16 10:53:10,891 [main] com.hazelcast.stabilizer.coordinator.AgentsClient: Waiting for completion: 00d 00h 06m 17s
INFO  2014-07-16 10:53:17,080 [main] com.hazelcast.stabilizer.coordinator.AgentsClient: Waiting for completion: 00d 00h 06m 23s
INFO  2014-07-16 10:53:23,376 [main] com.hazelcast.stabilizer.coordinator.AgentsClient: Waiting for completion: 00d 00h 06m 29s
INFO  2014-07-16 10:53:29,658 [main] com.hazelcast.stabilizer.coordinator.AgentsClient: Waiting for completion: 00d 00h 06m 36s
INFO  2014-07-16 10:53:36,025 [main] com.hazelcast.stabilizer.coordinator.AgentsClient: Waiting for completion: 00d 00h 06m 42s
INFO  2014-07-16 10:53:42,393 [main] com.hazelcast.stabilizer.coordinator.AgentsClient: Waiting for completion: 00d 00h 06m 48s
INFO  2014-07-16 10:53:48,683 [main] com.hazelcast.stabilizer.coordinator.AgentsClient: Waiting for completion: 00d 00h 06m 55s
INFO  2014-07-16 10:53:55,017 [main] com.hazelcast.stabilizer.coordinator.AgentsClient: Waiting for completion: 00d 00h 07m 01s
INFO  2014-07-16 10:54:01,436 [main] com.hazelcast.stabilizer.coordinator.AgentsClient: Waiting for completion: 00d 00h 07m 08s
INFO  2014-07-16 10:54:07,721 [main] com.hazelcast.stabilizer.coordinator.AgentsClient: Waiting for completion: 00d 00h 07m 14s
INFO  2014-07-16 10:54:14,152 [main] com.hazelcast.stabilizer.coordinator.AgentsClient: Waiting for completion: 00d 00h 07m 20s
INFO  2014-07-16 10:54:20,461 [main] com.hazelcast.stabilizer.coordinator.AgentsClient: Waiting for completion: 00d 00h 07m 27s
INFO  2014-07-16 10:54:26,765 [main] com.hazelcast.stabilizer.coordinator.AgentsClient: Waiting for completion: 00d 00h 07m 33s
INFO  2014-07-16 10:54:33,183 [main] com.hazelcast.stabilizer.coordinator.AgentsClient: Waiting for completion: 00d 00h 07m 39s
INFO  2014-07-16 10:54:39,498 [main] com.hazelcast.stabilizer.coordinator.AgentsClient: Waiting for completion: 00d 00h 07m 46s
INFO  2014-07-16 10:54:45,810 [main] com.hazelcast.stabilizer.coordinator.AgentsClient: Waiting for completion: 00d 00h 07m 52s
INFO  2014-07-16 10:54:52,229 [main] com.hazelcast.stabilizer.coordinator.AgentsClient: Waiting for completion: 00d 00h 07m 58s
INFO  2014-07-16 10:54:58,527 [main] com.hazelcast.stabilizer.coordinator.AgentsClient: Waiting for completion: 00d 00h 08m 05s
INFO  2014-07-16 10:55:04,854 [main] com.hazelcast.stabilizer.coordinator.AgentsClient: Waiting for completion: 00d 00h 08m 11s
INFO  2014-07-16 10:55:11,242 [main] com.hazelcast.stabilizer.coordinator.AgentsClient: Waiting for completion: 00d 00h 08m 17s
INFO  2014-07-16 10:55:17,547 [main] com.hazelcast.stabilizer.coordinator.AgentsClient: Waiting for completion: 00d 00h 08m 24s
INFO  2014-07-16 10:55:23,891 [main] com.hazelcast.stabilizer.coordinator.AgentsClient: Waiting for completion: 00d 00h 08m 30s
INFO  2014-07-16 10:55:30,303 [main] com.hazelcast.stabilizer.coordinator.AgentsClient: Waiting for completion: 00d 00h 08m 36s
INFO  2014-07-16 10:55:36,583 [main] com.hazelcast.stabilizer.coordinator.AgentsClient: Waiting for completion: 00d 00h 08m 43s
INFO  2014-07-16 10:55:42,913 [main] com.hazelcast.stabilizer.coordinator.AgentsClient: Waiting for completion: 00d 00h 08m 49s
INFO  2014-07-16 10:55:49,350 [main] com.hazelcast.stabilizer.coordinator.AgentsClient: Waiting for completion: 00d 00h 08m 55s
INFO  2014-07-16 10:55:55,605 [main] com.hazelcast.stabilizer.coordinator.AgentsClient: Waiting for completion: 00d 00h 09m 02s
INFO  2014-07-16 10:56:01,942 [main] com.hazelcast.stabilizer.coordinator.AgentsClient: Waiting for completion: 00d 00h 09m 08s
INFO  2014-07-16 10:56:08,367 [main] com.hazelcast.stabilizer.coordinator.AgentsClient: Waiting for completion: 00d 00h 09m 14s
INFO  2014-07-16 10:56:14,653 [main] com.hazelcast.stabilizer.coordinator.AgentsClient: Waiting for completion: 00d 00h 09m 21s
INFO  2014-07-16 10:56:20,978 [main] com.hazelcast.stabilizer.coordinator.AgentsClient: Waiting for completion: 00d 00h 09m 27s
INFO  2014-07-16 10:56:27,436 [main] com.hazelcast.stabilizer.coordinator.AgentsClient: Waiting for completion: 00d 00h 09m 34s
INFO  2014-07-16 10:56:33,698 [main] com.hazelcast.stabilizer.coordinator.AgentsClient: Waiting for completion: 00d 00h 09m 40s
INFO  2014-07-16 10:56:40,027 [main] com.hazelcast.stabilizer.coordinator.AgentsClient: Waiting for completion: 00d 00h 09m 46s
INFO  2014-07-16 10:56:46,527 [main] com.hazelcast.stabilizer.coordinator.AgentsClient: Waiting for completion: 00d 00h 09m 53s
INFO  2014-07-16 10:56:52,719 [main] com.hazelcast.stabilizer.coordinator.AgentsClient: Waiting for completion: 00d 00h 09m 59s
INFO  2014-07-16 10:56:59,066 [main] com.hazelcast.stabilizer.coordinator.AgentsClient: Waiting for completion: 00d 00h 10m 05s
INFO  2014-07-16 10:57:05,579 [main] com.hazelcast.stabilizer.coordinator.AgentsClient: Waiting for completion: 00d 00h 10m 12s
INFO  2014-07-16 10:57:11,762 [main] com.hazelcast.stabilizer.coordinator.AgentsClient: Waiting for completion: 00d 00h 10m 18s
INFO  2014-07-16 10:57:18,091 [main] com.hazelcast.stabilizer.coordinator.AgentsClient: Waiting for completion: 00d 00h 10m 24s
INFO  2014-07-16 10:57:24,337 [main] com.hazelcast.stabilizer.coordinator.AgentsClient: Waiting for completion: 00d 00h 10m 30s
INFO  2014-07-16 10:57:30,782 [main] com.hazelcast.stabilizer.coordinator.AgentsClient: Waiting for completion: 00d 00h 10m 37s
INFO  2014-07-16 10:57:37,135 [main] com.hazelcast.stabilizer.coordinator.AgentsClient: Waiting for completion: 00d 00h 10m 43s
INFO  2014-07-16 10:57:43,732 [main] com.hazelcast.stabilizer.coordinator.AgentsClient: Waiting for completion: 00d 00h 10m 50s
INFO  2014-07-16 10:57:50,169 [main] com.hazelcast.stabilizer.coordinator.AgentsClient: Waiting for completion: 00d 00h 10m 56s
INFO  2014-07-16 10:57:56,379 [main] com.hazelcast.stabilizer.coordinator.AgentsClient: Waiting for completion: 00d 00h 11m 02s
INFO  2014-07-16 10:58:02,834 [main] com.hazelcast.stabilizer.coordinator.AgentsClient: Waiting for completion: 00d 00h 11m 09s
INFO  2014-07-16 10:58:09,211 [main] com.hazelcast.stabilizer.coordinator.AgentsClient: Waiting for completion: 00d 00h 11m 15s
INFO  2014-07-16 10:58:15,717 [main] com.hazelcast.stabilizer.coordinator.AgentsClient: Waiting for completion: 00d 00h 11m 22s
INFO  2014-07-16 10:58:21,863 [main] com.hazelcast.stabilizer.coordinator.AgentsClient: Waiting for completion: 00d 00h 11m 28s
INFO  2014-07-16 10:58:28,233 [main] com.hazelcast.stabilizer.coordinator.AgentsClient: Waiting for completion: 00d 00h 11m 34s
INFO  2014-07-16 10:58:34,443 [main] com.hazelcast.stabilizer.coordinator.AgentsClient: Waiting for completion: 00d 00h 11m 41s
INFO  2014-07-16 10:58:40,890 [main] com.hazelcast.stabilizer.coordinator.AgentsClient: Waiting for completion: 00d 00h 11m 47s
INFO  2014-07-16 10:58:47,275 [main] com.hazelcast.stabilizer.coordinator.AgentsClient: Waiting for completion: 00d 00h 11m 53s
INFO  2014-07-16 10:58:53,474 [main] com.hazelcast.stabilizer.coordinator.AgentsClient: Waiting for completion: 00d 00h 12m 00s
INFO  2014-07-16 10:58:59,908 [main] com.hazelcast.stabilizer.coordinator.AgentsClient: Waiting for completion: 00d 00h 12m 06s
INFO  2014-07-16 10:59:06,369 [main] com.hazelcast.stabilizer.coordinator.AgentsClient: Waiting for completion: 00d 00h 12m 12s
INFO  2014-07-16 10:59:12,801 [main] com.hazelcast.stabilizer.coordinator.AgentsClient: Waiting for completion: 00d 00h 12m 19s
INFO  2014-07-16 10:59:18,981 [main] com.hazelcast.stabilizer.coordinator.AgentsClient: Waiting for completion: 00d 00h 12m 25s
INFO  2014-07-16 10:59:25,415 [main] com.hazelcast.stabilizer.coordinator.AgentsClient: Waiting for completion: 00d 00h 12m 32s
INFO  2014-07-16 10:59:32,006 [main] com.hazelcast.stabilizer.coordinator.AgentsClient: Waiting for completion: 00d 00h 12m 38s
INFO  2014-07-16 10:59:38,431 [main] com.hazelcast.stabilizer.coordinator.AgentsClient: Waiting for completion: 00d 00h 12m 45s
INFO  2014-07-16 10:59:44,929 [main] com.hazelcast.stabilizer.coordinator.AgentsClient: Waiting for completion: 00d 00h 12m 51s
INFO  2014-07-16 10:59:51,034 [main] com.hazelcast.stabilizer.coordinator.AgentsClient: Waiting for completion: 00d 00h 12m 57s
INFO  2014-07-16 10:59:57,467 [main] com.hazelcast.stabilizer.coordinator.AgentsClient: Waiting for completion: 00d 00h 13m 04s
INFO  2014-07-16 11:00:03,471 [main] com.hazelcast.stabilizer.coordinator.AgentsClient: Waiting for completion: 00d 00h 13m 10s
INFO  2014-07-16 11:00:09,488 [main] com.hazelcast.stabilizer.coordinator.AgentsClient: Waiting for completion: 00d 00h 13m 16s
INFO  2014-07-16 11:00:15,492 [main] com.hazelcast.stabilizer.coordinator.AgentsClient: Waiting for completion: 00d 00h 13m 22s
INFO  2014-07-16 11:00:22,043 [main] com.hazelcast.stabilizer.coordinator.AgentsClient: Waiting for completion: 00d 00h 13m 28s
INFO  2014-07-16 11:00:28,090 [main] com.hazelcast.stabilizer.coordinator.AgentsClient: Waiting for completion: 00d 00h 13m 34s
INFO  2014-07-16 11:00:34,087 [main] com.hazelcast.stabilizer.coordinator.AgentsClient: Waiting for completion: 00d 00h 13m 40s
INFO  2014-07-16 11:00:40,101 [main] com.hazelcast.stabilizer.coordinator.AgentsClient: Waiting for completion: 00d 00h 13m 46s
INFO  2014-07-16 11:00:46,107 [main] com.hazelcast.stabilizer.coordinator.AgentsClient: Waiting for completion: 00d 00h 13m 52s
INFO  2014-07-16 11:00:52,593 [main] com.hazelcast.stabilizer.coordinator.AgentsClient: Waiting for completion: 00d 00h 13m 59s
INFO  2014-07-16 11:00:59,112 [main] com.hazelcast.stabilizer.coordinator.AgentsClient: Waiting for completion: 00d 00h 14m 05s
INFO  2014-07-16 11:01:05,153 [main] com.hazelcast.stabilizer.coordinator.AgentsClient: Waiting for completion: 00d 00h 14m 11s
INFO  2014-07-16 11:01:11,656 [main] com.hazelcast.stabilizer.coordinator.AgentsClient: Waiting for completion: 00d 00h 14m 18s
INFO  2014-07-16 11:01:18,098 [main] com.hazelcast.stabilizer.coordinator.AgentsClient: Waiting for completion: 00d 00h 14m 24s
INFO  2014-07-16 11:01:24,842 [main] com.hazelcast.stabilizer.coordinator.AgentsClient: Waiting for completion: 00d 00h 14m 31s
INFO  2014-07-16 11:01:31,174 [main] com.hazelcast.stabilizer.coordinator.AgentsClient: Waiting for completion: 00d 00h 14m 37s
INFO  2014-07-16 11:01:37,663 [main] com.hazelcast.stabilizer.coordinator.AgentsClient: Waiting for completion: 00d 00h 14m 44s
INFO  2014-07-16 11:01:43,657 [main] com.hazelcast.stabilizer.coordinator.AgentsClient: Waiting for completion: 00d 00h 14m 50s
INFO  2014-07-16 11:01:49,687 [main] com.hazelcast.stabilizer.coordinator.AgentsClient: Waiting for completion: 00d 00h 14m 56s
INFO  2014-07-16 11:01:56,456 [main] com.hazelcast.stabilizer.coordinator.AgentsClient: Waiting for completion: 00d 00h 15m 03s
INFO  2014-07-16 11:02:02,698 [main] com.hazelcast.stabilizer.coordinator.AgentsClient: Waiting for completion: 00d 00h 15m 09s
INFO  2014-07-16 11:02:08,721 [main] com.hazelcast.stabilizer.coordinator.AgentsClient: Waiting for completion: 00d 00h 15m 15s
INFO  2014-07-16 11:02:14,722 [main] com.hazelcast.stabilizer.coordinator.AgentsClient: Waiting for completion: 00d 00h 15m 21s
INFO  2014-07-16 11:02:20,725 [main] com.hazelcast.stabilizer.coordinator.AgentsClient: Waiting for completion: 00d 00h 15m 27s
INFO  2014-07-16 11:02:26,745 [main] com.hazelcast.stabilizer.coordinator.AgentsClient: Waiting for completion: 00d 00h 15m 33s
INFO  2014-07-16 11:02:32,756 [main] com.hazelcast.stabilizer.coordinator.AgentsClient: Waiting for completion: 00d 00h 15m 39s
INFO  2014-07-16 11:02:38,767 [main] com.hazelcast.stabilizer.coordinator.AgentsClient: Waiting for completion: 00d 00h 15m 45s
INFO  2014-07-16 11:02:44,801 [main] com.hazelcast.stabilizer.coordinator.AgentsClient: Waiting for completion: 00d 00h 15m 51s
INFO  2014-07-16 11:02:50,795 [main] com.hazelcast.stabilizer.coordinator.AgentsClient: Waiting for completion: 00d 00h 15m 57s
INFO  2014-07-16 11:02:56,807 [main] com.hazelcast.stabilizer.coordinator.AgentsClient: Waiting for completion: 00d 00h 16m 03s
INFO  2014-07-16 11:03:02,825 [main] com.hazelcast.stabilizer.coordinator.AgentsClient: Waiting for completion: 00d 00h 16m 09s
INFO  2014-07-16 11:03:08,853 [main] com.hazelcast.stabilizer.coordinator.AgentsClient: Waiting for completion: 00d 00h 16m 15s
INFO  2014-07-16 11:03:14,895 [main] com.hazelcast.stabilizer.coordinator.AgentsClient: Waiting for completion: 00d 00h 16m 21s
INFO  2014-07-16 11:03:20,936 [main] com.hazelcast.stabilizer.coordinator.AgentsClient: Waiting for completion: 00d 00h 16m 27s
INFO  2014-07-16 11:03:27,405 [main] com.hazelcast.stabilizer.coordinator.AgentsClient: Waiting for completion: 00d 00h 16m 34s
INFO  2014-07-16 11:03:33,490 [main] com.hazelcast.stabilizer.coordinator.AgentsClient: Waiting for completion: 00d 00h 16m 40s
INFO  2014-07-16 11:03:39,983 [main] com.hazelcast.stabilizer.coordinator.AgentsClient: Waiting for completion: 00d 00h 16m 46s
INFO  2014-07-16 11:03:46,459 [main] com.hazelcast.stabilizer.coordinator.AgentsClient: Waiting for completion: 00d 00h 16m 53s
INFO  2014-07-16 11:03:52,941 [main] com.hazelcast.stabilizer.coordinator.AgentsClient: Waiting for completion: 00d 00h 16m 59s
INFO  2014-07-16 11:03:58,951 [main] com.hazelcast.stabilizer.coordinator.AgentsClient: Waiting for completion: 00d 00h 17m 05s
INFO  2014-07-16 11:04:04,944 [main] com.hazelcast.stabilizer.coordinator.AgentsClient: Waiting for completion: 00d 00h 17m 11s
INFO  2014-07-16 11:04:10,971 [main] com.hazelcast.stabilizer.coordinator.AgentsClient: Waiting for completion: 00d 00h 17m 17s
INFO  2014-07-16 11:04:16,962 [main] com.hazelcast.stabilizer.coordinator.AgentsClient: Waiting for completion: 00d 00h 17m 23s
INFO  2014-07-16 11:04:23,196 [main] com.hazelcast.stabilizer.coordinator.AgentsClient: Waiting for completion: 00d 00h 17m 29s
INFO  2014-07-16 11:04:29,611 [main] com.hazelcast.stabilizer.coordinator.AgentsClient: Waiting for completion: 00d 00h 17m 36s
INFO  2014-07-16 11:04:36,003 [main] com.hazelcast.stabilizer.coordinator.AgentsClient: Waiting for completion: 00d 00h 17m 42s
INFO  2014-07-16 11:04:42,316 [main] com.hazelcast.stabilizer.coordinator.AgentsClient: Waiting for completion: 00d 00h 17m 48s
INFO  2014-07-16 11:04:48,591 [main] com.hazelcast.stabilizer.coordinator.AgentsClient: Waiting for completion: 00d 00h 17m 55s
INFO  2014-07-16 11:04:55,273 [main] com.hazelcast.stabilizer.coordinator.AgentsClient: Waiting for completion: 00d 00h 18m 01s
INFO  2014-07-16 11:05:01,668 [main] com.hazelcast.stabilizer.coordinator.AgentsClient: Waiting for completion: 00d 00h 18m 08s
INFO  2014-07-16 11:05:07,671 [main] com.hazelcast.stabilizer.coordinator.AgentsClient: Waiting for completion: 00d 00h 18m 14s
INFO  2014-07-16 11:05:14,184 [main] com.hazelcast.stabilizer.coordinator.AgentsClient: Waiting for completion: 00d 00h 18m 20s
INFO  2014-07-16 11:05:20,643 [main] com.hazelcast.stabilizer.coordinator.AgentsClient: Waiting for completion: 00d 00h 18m 27s
INFO  2014-07-16 11:05:26,697 [main] com.hazelcast.stabilizer.coordinator.AgentsClient: Waiting for completion: 00d 00h 18m 33s
INFO  2014-07-16 11:05:33,238 [main] com.hazelcast.stabilizer.coordinator.AgentsClient: Waiting for completion: 00d 00h 18m 39s
INFO  2014-07-16 11:05:39,744 [main] com.hazelcast.stabilizer.coordinator.AgentsClient: Waiting for completion: 00d 00h 18m 46s
INFO  2014-07-16 11:05:45,736 [main] com.hazelcast.stabilizer.coordinator.AgentsClient: Waiting for completion: 00d 00h 18m 52s
INFO  2014-07-16 11:05:52,284 [main] com.hazelcast.stabilizer.coordinator.AgentsClient: Waiting for completion: 00d 00h 18m 58s
INFO  2014-07-16 11:05:58,491 [main] com.hazelcast.stabilizer.coordinator.AgentsClient: Waiting for completion: 00d 00h 19m 05s
INFO  2014-07-16 11:06:04,800 [main] com.hazelcast.stabilizer.coordinator.AgentsClient: Waiting for completion: 00d 00h 19m 11s
INFO  2014-07-16 11:06:11,252 [main] com.hazelcast.stabilizer.coordinator.AgentsClient: Waiting for completion: 00d 00h 19m 17s
INFO  2014-07-16 11:06:17,602 [main] com.hazelcast.stabilizer.coordinator.AgentsClient: Waiting for completion: 00d 00h 19m 24s
INFO  2014-07-16 11:06:23,854 [main] com.hazelcast.stabilizer.coordinator.AgentsClient: Waiting for completion: 00d 00h 19m 30s
INFO  2014-07-16 11:06:30,063 [main] com.hazelcast.stabilizer.coordinator.AgentsClient: Waiting for completion: 00d 00h 19m 36s
INFO  2014-07-16 11:06:36,337 [main] com.hazelcast.stabilizer.coordinator.AgentsClient: Waiting for completion: 00d 00h 19m 42s
INFO  2014-07-16 11:06:42,404 [main] com.hazelcast.stabilizer.coordinator.AgentsClient: Waiting for completion: 00d 00h 19m 49s
INFO  2014-07-16 11:06:48,905 [main] com.hazelcast.stabilizer.coordinator.AgentsClient: Waiting for completion: 00d 00h 19m 55s
INFO  2014-07-16 11:06:55,101 [main] com.hazelcast.stabilizer.coordinator.AgentsClient: Waiting for completion: 00d 00h 20m 01s
INFO  2014-07-16 11:07:01,419 [main] com.hazelcast.stabilizer.coordinator.AgentsClient: Waiting for completion: 00d 00h 20m 08s
INFO  2014-07-16 11:07:07,959 [main] com.hazelcast.stabilizer.coordinator.AgentsClient: Waiting for completion: 00d 00h 20m 14s
INFO  2014-07-16 11:07:14,122 [main] com.hazelcast.stabilizer.coordinator.AgentsClient: Waiting for completion: 00d 00h 20m 20s
INFO  2014-07-16 11:07:20,487 [main] com.hazelcast.stabilizer.coordinator.AgentsClient: Waiting for completion: 00d 00h 20m 27s
INFO  2014-07-16 11:07:26,916 [main] com.hazelcast.stabilizer.coordinator.AgentsClient: Waiting for completion: 00d 00h 20m 33s
INFO  2014-07-16 11:07:33,158 [main] com.hazelcast.stabilizer.coordinator.AgentsClient: Waiting for completion: 00d 00h 20m 39s
INFO  2014-07-16 11:07:39,600 [main] com.hazelcast.stabilizer.coordinator.AgentsClient: Waiting for completion: 00d 00h 20m 46s
INFO  2014-07-16 11:07:46,052 [main] com.hazelcast.stabilizer.coordinator.AgentsClient: Waiting for completion: 00d 00h 20m 52s
