2014-07-14 17:03:32,166 DEBUG [jclouds.compute] [main] >> searching params({imageId=us-east-1/ami-fb8e9292, locationId=us-east-1, hardwareId=m3.medium})
2014-07-14 17:03:32,947 DEBUG [jclouds.compute] [main] <<   matched image(us-east-1/ami-fb8e9292) hardware(m3.medium) location(us-east-1)
2014-07-14 17:03:32,959 DEBUG [jclouds.compute] [main] >> running 1 node group(stabilizer-agent) location(us-east-1) image(us-east-1/ami-fb8e9292) hardwareProfile(m3.medium) options({inboundPorts=[22, 9000, 9001, 5701, 5702, 5703, 5704, 5705, 5706, 5707, 5708, 5709, 5710, 5711, 5712, 5713, 5714, 5715, 5716, 5717, 5718, 5719, 5720, 5721, 5722, 5723, 5724, 5725, 5726, 5727, 5728, 5729, 5730, 5731, 5732, 5733, 5734, 5735, 5736, 5737, 5738, 5739, 5740, 5741, 5742, 5743, 5744, 5745, 5746, 5747, 5748, 5749, 5750], scriptPresent=true, groupNames=[stabilizer], userDataCksum=2f4a740b})
2014-07-14 17:03:32,971 DEBUG [jclouds.compute] [main] >> creating keyPair region(us-east-1) group(stabilizer-agent)
2014-07-14 17:03:34,152 DEBUG [jclouds.compute] [main] << created keyPair([region=us-east-1, keyName=jclouds#stabilizer-agent#962, fingerprint=f7:e0:15:56:e3:22:71:45:55:45:24:37:0f:52:0c:fd, sha1OfPrivateKey=a3:a9:4a:c4:d4:91:ad:96:1b:53:4b:2e:bf:d2:0f:7d:3a:5d:c9:a6, keyMaterial?=true])
2014-07-14 17:03:34,153 DEBUG [jclouds.compute] [main] >> creating securityGroup region(us-east-1) name(jclouds#stabilizer-agent)
2014-07-14 17:03:34,995 DEBUG [jclouds.compute] [main] << created securityGroup(jclouds#stabilizer-agent)
2014-07-14 17:03:35,576 DEBUG [jclouds.compute] [main] >> running 1 instance region(us-east-1) zone(null) ami(ami-fb8e9292) params({InstanceType=[m3.medium], SecurityGroup.1=[jclouds#stabilizer-agent], SecurityGroup.2=[stabilizer], KeyName=[jclouds#stabilizer-agent#962], UserData=[I2Nsb3VkLWNvbmZpZwpyZXBvX3VwZ3JhZGU6IG5vbmUK]})
2014-07-14 17:03:36,349 DEBUG [jclouds.compute] [main] << started instances([{region=us-east-1, name=i-737e5f58}])
2014-07-14 17:03:57,501 DEBUG [jclouds.compute] [user thread 0] >> blocking on sockets [54.91.177.227:22, 10.178.173.155:22] for 600000 MILLISECONDS
2014-07-14 17:04:32,308 DEBUG [jclouds.compute] [user thread 0] << socket 54.91.177.227:22 opened
2014-07-14 17:05:00,834 DEBUG [jclouds.compute] [user thread 0] >> running [/tmp/init-bootstrap init] as ec2-user@54.91.177.227
2014-07-14 17:05:02,898 DEBUG [jclouds.compute] [user thread 0] << init(0)
2014-07-14 17:05:02,899 DEBUG [jclouds.compute] [user thread 0] >> running [sudo /tmp/init-bootstrap start] as ec2-user@54.91.177.227
2014-07-14 17:05:08,525 DEBUG [jclouds.compute] [user thread 0] << start(0)
2014-07-14 17:05:28,303 DEBUG [jclouds.compute] [user thread 2] << exitstatus(0)
2014-07-14 17:05:28,310 DEBUG [jclouds.compute] [user thread 0] << customized node(us-east-1/i-737e5f58)
2014-07-14 17:05:28,314 DEBUG [jclouds.compute] [main] >> applying tags {Name=stabilizer-agent-737e5f58} to instance i-737e5f58 in region us-east-1
2014-07-14 17:05:32,337 DEBUG [jclouds.compute] [main] << applied tags in region us-east-1: {i-737e5f58={Name=stabilizer-agent-737e5f58}}
2014-07-14 17:29:15,350 DEBUG [jclouds.compute] [main] >> destroying nodes matching(com.hazelcast.stabilizer.provisioner.Provisioner$1@51a422f6)
2014-07-14 17:30:19,173 DEBUG [jclouds.compute] [user thread 0] >> destroying node(us-east-1/i-737e5f58)
2014-07-14 17:30:41,372 DEBUG [jclouds.compute] [user thread 0] << destroyed node(us-east-1/i-737e5f58) success(true)
2014-07-14 17:30:41,373 DEBUG [jclouds.compute] [main] << destroyed(1)
2014-07-14 17:30:41,373 DEBUG [jclouds.compute] [main] >> deleting incidentalResources({region=us-east-1, name=stabilizer-agent})
2014-07-14 17:30:41,668 DEBUG [jclouds.compute] [main] >> deleting securityGroup(jclouds#stabilizer-agent)
2014-07-14 17:30:42,056 DEBUG [jclouds.compute] [main] << inUse incidentalResources({region=us-east-1, name=stabilizer-agent})
2014-07-14 17:30:42,107 DEBUG [jclouds.compute] [main] >> deleting incidentalResources({region=us-east-1, name=stabilizer-agent})
2014-07-14 17:30:42,967 DEBUG [jclouds.compute] [main] >> deleting securityGroup(jclouds#stabilizer-agent)
2014-07-14 17:30:43,271 DEBUG [jclouds.compute] [main] << inUse incidentalResources({region=us-east-1, name=stabilizer-agent})
2014-07-14 17:30:43,347 DEBUG [jclouds.compute] [main] >> deleting incidentalResources({region=us-east-1, name=stabilizer-agent})
2014-07-14 17:30:43,719 DEBUG [jclouds.compute] [main] >> deleting securityGroup(jclouds#stabilizer-agent)
2014-07-14 17:30:43,978 DEBUG [jclouds.compute] [main] << inUse incidentalResources({region=us-east-1, name=stabilizer-agent})
2014-07-14 17:30:44,091 DEBUG [jclouds.compute] [main] >> deleting incidentalResources({region=us-east-1, name=stabilizer-agent})
2014-07-14 17:30:44,503 DEBUG [jclouds.compute] [main] >> deleting securityGroup(jclouds#stabilizer-agent)
2014-07-14 17:30:44,766 DEBUG [jclouds.compute] [main] << inUse incidentalResources({region=us-east-1, name=stabilizer-agent})
2014-07-16 10:41:30,542 DEBUG [jclouds.compute] [main] >> searching params({imageId=us-east-1/ami-fb8e9292, locationId=us-east-1, hardwareId=m3.medium})
2014-07-16 10:41:31,261 DEBUG [jclouds.compute] [main] <<   matched image(us-east-1/ami-fb8e9292) hardware(m3.medium) location(us-east-1)
2014-07-16 10:41:31,273 DEBUG [jclouds.compute] [main] >> running 2 nodes group(stabilizer-agent) location(us-east-1) image(us-east-1/ami-fb8e9292) hardwareProfile(m3.medium) options({inboundPorts=[22, 9000, 9001, 5701, 5702, 5703, 5704, 5705, 5706, 5707, 5708, 5709, 5710, 5711, 5712, 5713, 5714, 5715, 5716, 5717, 5718, 5719, 5720, 5721, 5722, 5723, 5724, 5725, 5726, 5727, 5728, 5729, 5730, 5731, 5732, 5733, 5734, 5735, 5736, 5737, 5738, 5739, 5740, 5741, 5742, 5743, 5744, 5745, 5746, 5747, 5748, 5749, 5750], scriptPresent=true, groupNames=[stabilizer], userDataCksum=2f4a740b})
2014-07-16 10:41:31,286 DEBUG [jclouds.compute] [main] >> creating keyPair region(us-east-1) group(stabilizer-agent)
2014-07-16 10:41:32,065 DEBUG [jclouds.compute] [main] << created keyPair([region=us-east-1, keyName=jclouds#stabilizer-agent#1ac, fingerprint=5c:77:c7:b5:be:13:89:04:09:47:8e:a1:c5:4b:07:dd, sha1OfPrivateKey=0d:fe:c1:7d:03:a6:3e:35:be:39:76:b7:78:bf:a1:4b:88:09:64:b0, keyMaterial?=true])
2014-07-16 10:41:32,065 DEBUG [jclouds.compute] [main] >> creating securityGroup region(us-east-1) name(jclouds#stabilizer-agent)
2014-07-16 10:41:32,306 DEBUG [jclouds.compute] [main] << reused securityGroup(jclouds#stabilizer-agent)
2014-07-16 10:41:32,307 DEBUG [jclouds.compute] [main] >> running 2 instance region(us-east-1) zone(null) ami(ami-fb8e9292) params({InstanceType=[m3.medium], SecurityGroup.1=[jclouds#stabilizer-agent], SecurityGroup.2=[stabilizer], KeyName=[jclouds#stabilizer-agent#1ac], UserData=[I2Nsb3VkLWNvbmZpZwpyZXBvX3VwZ3JhZGU6IG5vbmUK]})
2014-07-16 10:41:33,085 DEBUG [jclouds.compute] [main] << started instances([{region=us-east-1, name=i-feb6ded2}, {region=us-east-1, name=i-ffb6ded3}])
2014-07-16 10:41:55,424 DEBUG [jclouds.compute] [user thread 0] >> blocking on sockets [54.90.41.12:22, 10.123.138.181:22] for 600000 MILLISECONDS
2014-07-16 10:41:55,863 DEBUG [jclouds.compute] [user thread 1] >> blocking on sockets [54.81.195.8:22, 10.65.4.133:22] for 600000 MILLISECONDS
2014-07-16 10:42:30,228 DEBUG [jclouds.compute] [user thread 0] << socket 54.90.41.12:22 opened
2014-07-16 10:42:30,668 DEBUG [jclouds.compute] [user thread 1] << socket 54.81.195.8:22 opened
2014-07-16 10:42:35,437 DEBUG [jclouds.compute] [user thread 0] >> running [/tmp/init-bootstrap init] as ec2-user@54.90.41.12
2014-07-16 10:42:36,127 DEBUG [jclouds.compute] [user thread 0] << init(0)
2014-07-16 10:42:36,128 DEBUG [jclouds.compute] [user thread 0] >> running [sudo /tmp/init-bootstrap start] as ec2-user@54.90.41.12
2014-07-16 10:42:36,304 DEBUG [jclouds.compute] [user thread 1] >> running [/tmp/init-bootstrap init] as ec2-user@54.81.195.8
2014-07-16 10:42:37,021 DEBUG [jclouds.compute] [user thread 1] << init(0)
2014-07-16 10:42:37,021 DEBUG [jclouds.compute] [user thread 1] >> running [sudo /tmp/init-bootstrap start] as ec2-user@54.81.195.8
2014-07-16 10:42:37,864 DEBUG [jclouds.compute] [user thread 0] << start(0)
2014-07-16 10:42:38,771 DEBUG [jclouds.compute] [user thread 1] << start(0)
2014-07-16 10:42:40,595 DEBUG [jclouds.compute] [user thread 3] << exitstatus(0)
2014-07-16 10:42:40,604 DEBUG [jclouds.compute] [user thread 0] << customized node(us-east-1/i-feb6ded2)
2014-07-16 10:42:41,580 DEBUG [jclouds.compute] [user thread 2] << exitstatus(0)
2014-07-16 10:42:41,583 DEBUG [jclouds.compute] [user thread 1] << customized node(us-east-1/i-ffb6ded3)
2014-07-16 10:42:41,589 DEBUG [jclouds.compute] [main] >> applying tags {Name=stabilizer-agent-feb6ded2} to instance i-feb6ded2 in region us-east-1
2014-07-16 10:42:43,013 DEBUG [jclouds.compute] [main] >> applying tags {Name=stabilizer-agent-ffb6ded3} to instance i-ffb6ded3 in region us-east-1
2014-07-16 10:42:44,048 DEBUG [jclouds.compute] [main] << applied tags in region us-east-1: {i-ffb6ded3={Name=stabilizer-agent-ffb6ded3}, i-feb6ded2={Name=stabilizer-agent-feb6ded2}}
2014-07-16 11:07:59,961 DEBUG [jclouds.compute] [main] >> destroying nodes matching(com.hazelcast.stabilizer.provisioner.Provisioner$1@2ff11e0f)
2014-07-16 11:08:35,093 DEBUG [jclouds.compute] [user thread 0] >> destroying node(us-east-1/i-feb6ded2)
2014-07-16 11:08:35,094 DEBUG [jclouds.compute] [user thread 1] >> destroying node(us-east-1/i-ffb6ded3)
2014-07-16 11:09:03,659 DEBUG [jclouds.compute] [user thread 0] << destroyed node(us-east-1/i-feb6ded2) success(true)
2014-07-16 11:09:04,117 DEBUG [jclouds.compute] [user thread 1] << destroyed node(us-east-1/i-ffb6ded3) success(true)
2014-07-16 11:09:04,117 DEBUG [jclouds.compute] [main] << destroyed(2)
2014-07-16 11:09:04,118 DEBUG [jclouds.compute] [main] >> deleting incidentalResources({region=us-east-1, name=stabilizer-agent})
2014-07-16 11:09:04,401 DEBUG [jclouds.compute] [main] >> deleting securityGroup(jclouds#stabilizer-agent)
2014-07-16 11:09:04,652 DEBUG [jclouds.compute] [main] << inUse incidentalResources({region=us-east-1, name=stabilizer-agent})
2014-07-16 11:09:04,704 DEBUG [jclouds.compute] [main] >> deleting incidentalResources({region=us-east-1, name=stabilizer-agent})
2014-07-16 11:09:04,952 DEBUG [jclouds.compute] [main] >> deleting securityGroup(jclouds#stabilizer-agent)
2014-07-16 11:09:05,191 DEBUG [jclouds.compute] [main] << inUse incidentalResources({region=us-east-1, name=stabilizer-agent})
2014-07-16 11:09:05,267 DEBUG [jclouds.compute] [main] >> deleting incidentalResources({region=us-east-1, name=stabilizer-agent})
2014-07-16 11:09:05,525 DEBUG [jclouds.compute] [main] >> deleting securityGroup(jclouds#stabilizer-agent)
2014-07-16 11:09:05,768 DEBUG [jclouds.compute] [main] << inUse incidentalResources({region=us-east-1, name=stabilizer-agent})
2014-07-16 11:09:05,882 DEBUG [jclouds.compute] [main] >> deleting incidentalResources({region=us-east-1, name=stabilizer-agent})
2014-07-16 11:09:06,148 DEBUG [jclouds.compute] [main] >> deleting securityGroup(jclouds#stabilizer-agent)
2014-07-16 11:09:06,413 DEBUG [jclouds.compute] [main] << inUse incidentalResources({region=us-east-1, name=stabilizer-agent})
2014-07-16 11:09:06,582 DEBUG [jclouds.compute] [main] >> deleting incidentalResources({region=us-east-1, name=stabilizer-agent})
2014-07-16 11:09:06,848 DEBUG [jclouds.compute] [main] >> deleting securityGroup(jclouds#stabilizer-agent)
2014-07-16 11:09:07,110 DEBUG [jclouds.compute] [main] << inUse incidentalResources({region=us-east-1, name=stabilizer-agent})
2014-07-16 11:09:07,120 DEBUG [jclouds.compute] [main] >> deleting incidentalResources({region=us-east-1, name=stabilizer-agent})
2014-07-16 11:09:07,363 DEBUG [jclouds.compute] [main] >> deleting securityGroup(jclouds#stabilizer-agent)
2014-07-16 11:09:07,710 DEBUG [jclouds.compute] [main] << inUse incidentalResources({region=us-east-1, name=stabilizer-agent})
2014-07-16 11:09:07,927 DEBUG [jclouds.compute] [main] >> deleting incidentalResources({region=us-east-1, name=stabilizer-agent})
2014-07-16 11:09:08,181 DEBUG [jclouds.compute] [main] >> deleting securityGroup(jclouds#stabilizer-agent)
2014-07-16 11:09:08,433 DEBUG [jclouds.compute] [main] << inUse incidentalResources({region=us-east-1, name=stabilizer-agent})
2014-07-16 11:09:08,484 DEBUG [jclouds.compute] [main] >> deleting incidentalResources({region=us-east-1, name=stabilizer-agent})
2014-07-16 11:09:08,740 DEBUG [jclouds.compute] [main] >> deleting securityGroup(jclouds#stabilizer-agent)
2014-07-16 11:09:08,982 DEBUG [jclouds.compute] [main] << inUse incidentalResources({region=us-east-1, name=stabilizer-agent})
2014-07-16 11:09:09,058 DEBUG [jclouds.compute] [main] >> deleting incidentalResources({region=us-east-1, name=stabilizer-agent})
2014-07-16 11:09:09,309 DEBUG [jclouds.compute] [main] >> deleting securityGroup(jclouds#stabilizer-agent)
2014-07-16 11:09:09,559 DEBUG [jclouds.compute] [main] << inUse incidentalResources({region=us-east-1, name=stabilizer-agent})
2014-07-16 11:09:09,671 DEBUG [jclouds.compute] [main] >> deleting incidentalResources({region=us-east-1, name=stabilizer-agent})
2014-07-16 11:09:09,918 DEBUG [jclouds.compute] [main] >> deleting securityGroup(jclouds#stabilizer-agent)
2014-07-16 11:09:10,166 DEBUG [jclouds.compute] [main] << inUse incidentalResources({region=us-east-1, name=stabilizer-agent})
2014-07-16 11:09:10,335 DEBUG [jclouds.compute] [main] >> deleting incidentalResources({region=us-east-1, name=stabilizer-agent})
2014-07-16 11:09:10,584 DEBUG [jclouds.compute] [main] >> deleting securityGroup(jclouds#stabilizer-agent)
2014-07-16 11:09:10,829 DEBUG [jclouds.compute] [main] << inUse incidentalResources({region=us-east-1, name=stabilizer-agent})
2014-07-16 11:09:10,928 DEBUG [jclouds.compute] [main] >> deleting incidentalResources({region=us-east-1, name=stabilizer-agent})
2014-07-16 11:09:11,180 DEBUG [jclouds.compute] [main] >> deleting securityGroup(jclouds#stabilizer-agent)
2014-07-16 11:09:11,515 DEBUG [jclouds.compute] [main] << inUse incidentalResources({region=us-east-1, name=stabilizer-agent})
2014-07-16 11:14:44,893 DEBUG [jclouds.compute] [main] >> searching params({imageId=us-east-1/ami-fb8e9292, locationId=us-east-1, hardwareId=m3.medium})
2014-07-16 11:14:45,517 DEBUG [jclouds.compute] [main] <<   matched image(us-east-1/ami-fb8e9292) hardware(m3.medium) location(us-east-1)
2014-07-16 11:14:45,524 DEBUG [jclouds.compute] [main] >> running 2 nodes group(stabilizer-agent) location(us-east-1) image(us-east-1/ami-fb8e9292) hardwareProfile(m3.medium) options({inboundPorts=[22, 9000, 9001, 5701, 5702, 5703, 5704, 5705, 5706, 5707, 5708, 5709, 5710, 5711, 5712, 5713, 5714, 5715, 5716, 5717, 5718, 5719, 5720, 5721, 5722, 5723, 5724, 5725, 5726, 5727, 5728, 5729, 5730, 5731, 5732, 5733, 5734, 5735, 5736, 5737, 5738, 5739, 5740, 5741, 5742, 5743, 5744, 5745, 5746, 5747, 5748, 5749, 5750], scriptPresent=true, groupNames=[stabilizer], userDataCksum=2f4a740b})
2014-07-16 11:14:45,533 DEBUG [jclouds.compute] [main] >> creating keyPair region(us-east-1) group(stabilizer-agent)
2014-07-16 11:14:46,418 DEBUG [jclouds.compute] [main] << created keyPair([region=us-east-1, keyName=jclouds#stabilizer-agent#e78, fingerprint=7d:ca:8d:8b:ca:1d:b8:14:dd:a4:03:1d:d1:a5:fb:a8, sha1OfPrivateKey=a0:88:d5:df:ec:2c:8a:05:52:e1:1c:51:51:d6:3b:98:21:f1:85:4b, keyMaterial?=true])
2014-07-16 11:14:46,418 DEBUG [jclouds.compute] [main] >> creating securityGroup region(us-east-1) name(jclouds#stabilizer-agent)
2014-07-16 11:14:46,672 DEBUG [jclouds.compute] [main] << reused securityGroup(jclouds#stabilizer-agent)
2014-07-16 11:14:46,673 DEBUG [jclouds.compute] [main] >> running 2 instance region(us-east-1) zone(null) ami(ami-fb8e9292) params({InstanceType=[m3.medium], SecurityGroup.1=[jclouds#stabilizer-agent], SecurityGroup.2=[stabilizer], KeyName=[jclouds#stabilizer-agent#e78], UserData=[I2Nsb3VkLWNvbmZpZwpyZXBvX3VwZ3JhZGU6IG5vbmUK]})
2014-07-16 11:14:47,539 DEBUG [jclouds.compute] [main] << started instances([{region=us-east-1, name=i-809df5ac}, {region=us-east-1, name=i-819df5ad}])
2014-07-16 11:15:05,443 DEBUG [jclouds.compute] [user thread 1] >> blocking on sockets [54.205.153.229:22, 10.233.77.141:22] for 600000 MILLISECONDS
2014-07-16 11:15:10,353 DEBUG [jclouds.compute] [user thread 0] >> blocking on sockets [54.82.34.239:22, 10.69.16.168:22] for 600000 MILLISECONDS
2014-07-16 11:25:05,446 WARN  [jclouds.compute] [user thread 1] << sockets [54.205.153.229:22, 10.233.77.141:22] didn't open after 600000 MILLISECONDS
2014-07-16 11:25:05,447 DEBUG [jclouds.compute] [user thread 1] << customized node(us-east-1/i-819df5ad)
2014-07-16 11:25:11,289 WARN  [jclouds.compute] [user thread 0] << sockets [54.82.34.239:22, 10.69.16.168:22] didn't open after 600000 MILLISECONDS
2014-07-16 11:25:11,290 DEBUG [jclouds.compute] [user thread 0] << customized node(us-east-1/i-809df5ac)
